<?xml version="1.0" encoding="utf-8"?><testsuites name="pytest tests"><testsuite name="pytest" errors="0" failures="0" skipped="0" tests="54" time="0.193" timestamp="2026-09-07T21:01:43.853228+02:00" hostname="arch-legion"><testcase classname="tests.test_v4_binding" name="test_a_partial_singleton_does_not_establish_uniqueness[answers]" time="0.000" /><testcase classname="tests.test_v4_binding" name="test_a_partial_singleton_does_not_establish_uniqueness[nodes]" time="0.000" /><testcase classname="tests.test_v4_binding" name="test_a_complete_singleton_at_its_bounds_remains_unique[one-candidate-answers]" time="0.000" /><testcase classname="tests.test_v4_binding" name="test_a_complete_singleton_at_its_bounds_remains_unique[one-candidate-nodes]" time="0.000" /><testcase classname="tests.test_v4_binding" name="test_a_complete_singleton_at_its_bounds_remains_unique[one-candidate-both]" time="0.000" /><testcase classname="tests.test_v4_binding" name="test_a_complete_singleton_at_its_bounds_remains_unique[pruned-tail-answers]" time="0.000" /><testcase classname="tests.test_v4_binding" name="test_a_complete_singleton_at_its_bounds_remains_unique[pruned-tail-nodes]" time="0.000" /><testcase classname="tests.test_v4_binding" name="test_a_complete_singleton_at_its_bounds_remains_unique[pruned-tail-both]" time="0.000" /><testcase classname="tests.test_v4_binding" name="test_incomplete_aggregation_preserves_only_observed_evidence[verdicts0-NOT_APPLICABLE-counts0]" time="0.041" /><testcase classname="tests.test_v4_binding" name="test_incomplete_aggregation_preserves_only_observed_evidence[verdicts1-SUPPORTED-counts1]" time="0.000" /><testcase classname="tests.test_v4_binding" name="test_incomplete_aggregation_preserves_only_observed_evidence[verdicts2-REFUTED-counts2]" time="0.000" /><testcase classname="tests.test_v4_binding" name="test_incomplete_aggregation_preserves_only_observed_evidence[verdicts3-POSSIBLE-counts3]" time="0.000" /><testcase classname="tests.test_v4_binding" name="test_incomplete_aggregation_preserves_only_observed_evidence[verdicts4-UNKNOWN-counts4]" time="0.000" /><testcase classname="tests.test_v4_binding" name="test_incomplete_aggregation_preserves_only_observed_evidence[verdicts5-NOT_APPLICABLE-counts5]" time="0.000" /><testcase classname="tests.test_v4_binding" name="test_incomplete_aggregation_preserves_only_observed_evidence[verdicts6-SUPPORTED-counts6]" time="0.000" /><testcase classname="tests.test_v4_binding" name="test_incomplete_aggregation_preserves_only_observed_evidence[verdicts7-REFUTED-counts7]" time="0.000" /><testcase classname="tests.test_v4_binding" name="test_incomplete_aggregation_preserves_only_observed_evidence[verdicts8-UNKNOWN-counts8]" time="0.001" /><testcase classname="tests.test_v4_binding" name="test_incomplete_aggregation_preserves_only_observed_evidence[verdicts9-NOT_APPLICABLE-counts9]" time="0.000" /><testcase classname="tests.test_v4_binding" name="test_incomplete_aggregation_preserves_only_observed_evidence[verdicts10-POSSIBLE-counts10]" time="0.000" /><testcase classname="tests.test_v4_binding" name="test_incomplete_aggregation_preserves_only_observed_evidence[verdicts11-POSSIBLE-counts11]" time="0.000" /><testcase classname="tests.test_v4_binding" name="test_incomplete_aggregation_preserves_only_observed_evidence[verdicts12-POSSIBLE-counts12]" time="0.000" /><testcase classname="tests.test_v4_binding" name="test_incomplete_aggregation_preserves_only_observed_evidence[verdicts13-UNKNOWN-counts13]" time="0.000" /><testcase classname="tests.test_v4_binding" name="test_incomplete_aggregation_preserves_only_observed_evidence[verdicts14-NOT_APPLICABLE-counts14]" time="0.000" /><testcase classname="tests.test_v4_binding" name="test_incomplete_aggregation_preserves_only_observed_evidence[verdicts15-POSSIBLE-counts15]" time="0.000" /><testcase classname="tests.test_v4_binding" name="test_incomplete_aggregation_reaches_recursive_identity[SUPPORTED]" time="0.000" /><testcase classname="tests.test_v4_binding" name="test_incomplete_aggregation_reaches_recursive_identity[REFUTED]" time="0.000" /><testcase classname="tests.test_v4_binding" name="test_incomplete_aggregation_reaches_recursive_identity[POSSIBLE]" time="0.000" /><testcase classname="tests.test_v4_binding" name="test_incomplete_aggregation_reaches_recursive_identity[UNKNOWN]" time="0.000" /><testcase classname="tests.test_v4_binding" name="test_incomplete_aggregation_reaches_recursive_identity[NOT_APPLICABLE]" time="0.000" /><testcase classname="tests.test_v4_binding" name="test_creation_deduplication_does_not_complete_a_partial_search[neither-complete]" time="0.000" /><testcase classname="tests.test_v4_binding" name="test_creation_deduplication_does_not_complete_a_partial_search[neither-answers]" time="0.000" /><testcase classname="tests.test_v4_binding" name="test_creation_deduplication_does_not_complete_a_partial_search[neither-nodes]" time="0.000" /><testcase classname="tests.test_v4_binding" name="test_creation_deduplication_does_not_complete_a_partial_search[alpha-only-complete]" time="0.000" /><testcase classname="tests.test_v4_binding" name="test_creation_deduplication_does_not_complete_a_partial_search[alpha-only-answers]" time="0.000" /><testcase classname="tests.test_v4_binding" name="test_creation_deduplication_does_not_complete_a_partial_search[alpha-only-nodes]" time="0.000" /><testcase classname="tests.test_v4_binding" name="test_creation_deduplication_does_not_complete_a_partial_search[beta-only-complete]" time="0.000" /><testcase classname="tests.test_v4_binding" name="test_creation_deduplication_does_not_complete_a_partial_search[beta-only-answers]" time="0.000" /><testcase classname="tests.test_v4_binding" name="test_creation_deduplication_does_not_complete_a_partial_search[beta-only-nodes]" time="0.000" /><testcase classname="tests.test_v4_binding" name="test_creation_deduplication_does_not_complete_a_partial_search[both-complete]" time="0.000" /><testcase classname="tests.test_v4_binding" name="test_creation_deduplication_does_not_complete_a_partial_search[both-answers]" time="0.000" /><testcase classname="tests.test_v4_binding" name="test_creation_deduplication_does_not_complete_a_partial_search[both-nodes]" time="0.000" /><testcase classname="tests.test_v4_binding" name="test_score_abstains_on_a_partial_singleton" time="0.003" /><testcase classname="tests.test_v4_binding" name="test_two_observed_targets_remain_underdetermined_when_search_is_incomplete[answers]" time="0.000" /><testcase classname="tests.test_v4_binding" name="test_two_observed_targets_remain_underdetermined_when_search_is_incomplete[nodes]" time="0.000" /><testcase classname="tests.test_v4_binding" name="test_many_witnesses_one_target_is_not_ambiguity" time="0.000" /><testcase classname="tests.test_v4_binding" name="test_two_assignments_disagreeing_about_the_target_is_ambiguity" time="0.000" /><testcase classname="tests.test_v4_binding" name="test_agreement_among_the_assignments_reached_is_not_determinacy" time="0.000" /><testcase classname="tests.test_v4_binding" name="test_a_search_that_cannot_finish_says_so_instead_of_running" time="0.001" /><testcase classname="tests.test_v4_binding" name="test_a_truncated_enumeration_pins_nothing" time="0.000" /><testcase classname="tests.test_v4_binding" name="test_an_enumeration_that_stopped_early_can_never_refute" time="0.000" /><testcase classname="tests.test_v4_binding" name="test_one_assignment_that_works_stops_a_refutation" time="0.000" /><testcase classname="tests.test_v4_binding" name="test_an_assignment_that_could_not_be_tested_counts_against_refuting" time="0.000" /><testcase classname="tests.test_v4_binding" name="test_a_contradicted_precondition_leaves_no_assignment" time="0.000" /><testcase classname="tests.test_v4_binding" name="test_a_type_that_is_not_rendered_here_is_ignorance_not_non_applicability" time="0.000" /></testsuite></testsuites>