<?xml version="1.0" encoding="utf-8"?><testsuites name="pytest tests"><testsuite name="pytest" errors="0" failures="0" skipped="4" tests="701" time="1623.377" timestamp="2026-09-08T12:27:48.686664+02:00" hostname="arch-legion"><testcase classname="tests.test_boundary" name="test_compiler_imports_are_clean" time="0.171" /><testcase classname="tests.test_boundary" name="test_compiler_never_references_evaluator_endpoint" time="0.010" /><testcase classname="tests.test_boundary" name="test_relmodel_has_no_domain_content" time="0.000" /><testcase classname="tests.test_boundary" name="test_compiler_never_reads_oracle_annotations" time="0.002" /><testcase classname="tests.test_boundary" name="test_every_v4_execution_entrypoint_is_inside_the_forbidden_input_scan" time="0.001" /><testcase classname="tests.test_boundary" name="test_v4_closure_is_local_and_includes_function_local_compiler_modules" time="0.000" /><testcase classname="tests.test_llm" name="test_cache_only_mode_refuses_external_invocation_on_miss" time="0.001" /><testcase classname="tests.test_oracle_audit" name="test_latent_declarations_survive_renamed_run_directory" time="0.000" /><testcase classname="tests.test_parse" name="test_repeated_siblings_become_typed_instances" time="0.000" /><testcase classname="tests.test_parse" name="test_empty_lane_still_parses_as_instance" time="0.000"><skipped type="pytest.xfail" message="minimal synthetic lanes: an empty lane shares too little structure (Jaccard&lt;0.5); real UIs carry more skeleton" /></testcase><testcase classname="tests.test_pipeline_smoke" name="test_kanban_random_phase_recovers_types" time="25.720" /><testcase classname="tests.test_planner" name="test_plan_creates_then_completes" time="0.000" /><testcase classname="tests.test_planner" name="test_plan_empties_then_deletes" time="0.003" /><testcase classname="tests.test_relmodel" name="test_apply_and_preconditions" time="0.000" /><testcase classname="tests.test_relmodel" name="test_cascade_order_independent" time="0.001" /><testcase classname="tests.test_relmodel" name="test_domain_json_roundtrip" time="0.000" /><testcase classname="tests.test_relmodel" name="test_an_operator_the_action_grounds_nothing_of_is_not_a_legacy_operator" time="0.000" /><testcase classname="tests.test_relmodel" name="test_a_planner_is_given_the_one_binding_or_nothing" time="0.000" /><testcase classname="tests.test_v1_browser_replay" name="test_replay_relocates_unique_semantic_target_when_index_moved" time="0.000" /><testcase classname="tests.test_v2_action_slot_boundary" name="test_one_family_covers_occurrences_that_differ_only_by_ordinal" time="0.000" /><testcase classname="tests.test_v2_action_slot_boundary" name="test_two_families_may_occupy_the_same_ordinal" time="0.001" /><testcase classname="tests.test_v2_action_slot_boundary" name="test_the_same_ordinal_under_a_different_unit_structure_is_a_different_family" time="0.000" /><testcase classname="tests.test_v2_action_slot_boundary" name="test_locator_and_action_identity_ignore_the_concrete_slot" time="0.002" /><testcase classname="tests.test_v2_action_slot_boundary" name="test_cross_run_action_alignment_does_not_consult_the_concrete_slot" time="0.000" /><testcase classname="tests.test_v2_action_slot_boundary" name="test_replay_prefers_the_recorded_occurrence_and_is_otherwise_deterministic" time="0.000" /><testcase classname="tests.test_v2_action_slot_boundary" name="test_control_keys_falls_back_to_state_slots_for_front_ends_without_families" time="0.000" /><testcase classname="tests.test_v2_budget_curve" name="test_prefix_withholds_future_observations_and_decisions" time="0.003" /><testcase classname="tests.test_v2_collection_variation" name="test_a_constant_cell_of_a_stable_row_is_a_value_when_the_column_varies" time="0.009" /><testcase classname="tests.test_v2_collection_variation" name="test_the_indexed_reading_made_the_same_cells_labels" time="0.003" /><testcase classname="tests.test_v2_collection_variation" name="test_two_buttons_side_by_side_are_two_controls_and_the_duty_cell_is_a_value" time="0.007" /><testcase classname="tests.test_v2_collection_variation" name="test_a_first_cell_that_repeats_a_column_header_is_a_row_header" time="0.006" /><testcase classname="tests.test_v2_collection_variation" name="test_what_a_select_holds_is_its_value_whole" time="0.009" /><testcase classname="tests.test_v2_collection_variation" name="test_a_sentence_position_is_still_prose" time="0.004" /><testcase classname="tests.test_v2_collection_variation" name="test_repeated_child_keys_cannot_hide_a_reload_counterexample[False-False]" time="0.001" /><testcase classname="tests.test_v2_collection_variation" name="test_repeated_child_keys_cannot_hide_a_reload_counterexample[False-True]" time="0.000" /><testcase classname="tests.test_v2_collection_variation" name="test_repeated_child_keys_cannot_hide_a_reload_counterexample[True-False]" time="0.000" /><testcase classname="tests.test_v2_collection_variation" name="test_repeated_child_keys_cannot_hide_a_reload_counterexample[True-True]" time="0.000" /><testcase classname="tests.test_v2_collection_variation" name="test_a_collision_on_either_reload_side_blocks_other_positive_matches[before]" time="0.000" /><testcase classname="tests.test_v2_collection_variation" name="test_a_collision_on_either_reload_side_blocks_other_positive_matches[after]" time="0.002" /><testcase classname="tests.test_v2_collection_variation" name="test_equal_values_do_not_establish_correspondence_for_duplicate_keys" time="0.000" /><testcase classname="tests.test_v2_collection_variation" name="test_unambiguous_reload_matches_still_promote_widgets[False]" time="0.000" /><testcase classname="tests.test_v2_collection_variation" name="test_unambiguous_reload_matches_still_promote_widgets[True]" time="0.000" /><testcase classname="tests.test_v2_collection_variation" name="test_unambiguous_reload_loss_blocks_promotion_despite_enough_retained_values" time="0.000" /><testcase classname="tests.test_v2_collection_variation" name="test_widget_persistence_follows_final_native_identity[CONTROL]" time="0.003" /><testcase classname="tests.test_v2_collection_variation" name="test_widget_persistence_follows_final_native_identity[AFTER_BIJECTION]" time="0.004" /><testcase classname="tests.test_v2_collection_variation" name="test_widget_persistence_follows_final_native_identity[BOTH_BIJECTION]" time="0.003" /><testcase classname="tests.test_v2_collection_variation" name="test_public_aliases_expose_an_unmatched_widget_reload_loss" time="0.003" /><testcase classname="tests.test_v2_collection_variation" name="test_post_promotion_key_collisions_cannot_be_repaired_by_position[0]" time="0.004" /><testcase classname="tests.test_v2_collection_variation" name="test_post_promotion_key_collisions_cannot_be_repaired_by_position[1]" time="0.003" /><testcase classname="tests.test_v2_collection_variation" name="test_rejected_widget_key_dependencies_fail_without_rekeying[False-combobox#0]" time="0.003" /><testcase classname="tests.test_v2_collection_variation" name="test_rejected_widget_key_dependencies_fail_without_rekeying[False-listitem#0|combobox#0]" time="0.003" /><testcase classname="tests.test_v2_collection_variation" name="test_rejected_widget_key_dependencies_fail_without_rekeying[True-combobox#0]" time="0.003" /><testcase classname="tests.test_v2_collection_variation" name="test_rejected_widget_key_dependencies_fail_without_rekeying[True-listitem#0|combobox#0]" time="0.003" /><testcase classname="tests.test_v2_collection_variation" name="test_revocation_removes_unused_widget_composites_and_restores_slot_statistics" time="0.001" /><testcase classname="tests.test_v2_collection_variation" name="test_context_split_rechecks_each_inherited_widget_claim[none]" time="0.001" /><testcase classname="tests.test_v2_collection_variation" name="test_context_split_rechecks_each_inherited_widget_claim[alias]" time="0.004" /><testcase classname="tests.test_v2_collection_variation" name="test_context_split_rechecks_each_inherited_widget_claim[override]" time="0.003" /><testcase classname="tests.test_v2_collection_variation" name="test_context_key_changes_materialize_associations_from_raw_fields[none]" time="0.003" /><testcase classname="tests.test_v2_collection_variation" name="test_context_key_changes_materialize_associations_from_raw_fields[alias]" time="0.004" /><testcase classname="tests.test_v2_collection_variation" name="test_context_key_changes_materialize_associations_from_raw_fields[override]" time="0.005" /><testcase classname="tests.test_v2_collection_variation" name="test_failed_context_key_materialization_remains_unbuildable" time="0.003" /><testcase classname="tests.test_v2_collection_variation" name="test_composite_harmonization_rechecks_widget_key_dependencies[AFTER_BIJECTION]" time="0.003" /><testcase classname="tests.test_v2_collection_variation" name="test_composite_harmonization_rechecks_widget_key_dependencies[CONTROL]" time="0.001" /><testcase classname="tests.test_v2_collection_variation" name="test_composite_harmonization_rechecks_widget_key_dependencies[BOTH_BIJECTION]" time="0.001" /><testcase classname="tests.test_v2_collection_variation" name="test_missing_reload_or_widget_node_cannot_support_a_finalized_claim[reload_pair]" time="0.003" /><testcase classname="tests.test_v2_collection_variation" name="test_missing_reload_or_widget_node_cannot_support_a_finalized_claim[widget_node]" time="0.003" /><testcase classname="tests.test_v2_collection_variation" name="test_missing_reload_or_widget_node_cannot_support_a_finalized_claim[owner]" time="0.003" /><testcase classname="tests.test_v2_collection_variation" name="test_missing_reload_or_widget_node_cannot_support_a_finalized_claim[composite_component_node]" time="0.003" /><testcase classname="tests.test_v2_column_judgement" name="test_the_same_word_is_a_label_in_one_column_and_a_value_in_another" time="0.003" /><testcase classname="tests.test_v2_column_judgement" name="test_a_column_is_keyed_by_the_table_it_belongs_to_in_every_view" time="0.003" /><testcase classname="tests.test_v2_controls" name="test_two_controls_at_different_paths_are_never_one_family" time="0.000" /><testcase classname="tests.test_v2_controls" name="test_template_variants_of_one_card_share_a_family" time="0.000" /><testcase classname="tests.test_v2_controls" name="test_disjoint_option_vocabularies_split_a_shared_path" time="0.000" /><testcase classname="tests.test_v2_controls" name="test_templates_the_entity_layer_keeps_apart_are_not_merged" time="0.000" /><testcase classname="tests.test_v2_controls" name="test_a_control_outside_every_unit_keeps_its_existing_identity" time="0.000" /><testcase classname="tests.test_v2_controls" name="test_family_ids_do_not_depend_on_observation_order_or_hash_seed" time="0.000" /><testcase classname="tests.test_v2_controls" name="test_family_ids_are_run_local_and_are_aligned_across_runs_by_descriptor" time="0.000" /><testcase classname="tests.test_v2_controls" name="test_alignment_needs_a_shared_template_not_just_a_matching_descriptor" time="0.000" /><testcase classname="tests.test_v2_controls" name="test_the_same_control_rendered_in_another_view_is_one_family" time="0.000" /><testcase classname="tests.test_v2_controls" name="test_one_family_covers_several_entity_bindings" time="0.000" /><testcase classname="tests.test_v2_controls" name="test_data_in_a_label_is_masked_rather_than_blanking_the_label" time="0.000" /><testcase classname="tests.test_v2_controls" name="test_a_label_that_is_nothing_but_data_is_label_less" time="0.000" /><testcase classname="tests.test_v2_controls" name="test_a_page_the_induction_never_read_is_classified_by_descriptor" time="0.000" /><testcase classname="tests.test_v2_controls" name="test_classification_of_a_new_template_respects_an_entity_split" time="0.000" /><testcase classname="tests.test_v2_controls" name="test_identity_keeps_a_label_less_digest_and_drops_a_labelled_one" time="0.000" /><testcase classname="tests.test_v2_controls" name="test_units_that_are_not_entities_do_not_split_a_labelled_control" time="0.000" /><testcase classname="tests.test_v2_differential" name="test_structural_difference_alone_is_not_behavioral_novelty" time="0.000" /><testcase classname="tests.test_v2_differential" name="test_a_candidate_win_needs_the_baseline_contradicted_on_the_same_transition" time="0.000" /><testcase classname="tests.test_v2_differential" name="test_a_win_on_a_schema_the_baseline_also_has_is_not_credited_to_the_refinement" time="0.000" /><testcase classname="tests.test_v2_differential" name="test_baseline_wrong_where_the_candidate_says_nothing_is_not_a_candidate_win" time="0.000" /><testcase classname="tests.test_v2_differential" name="test_silence_at_a_step_the_model_never_segmented_is_a_pairing_gap_not_abstention" time="0.000" /><testcase classname="tests.test_v2_differential" name="test_a_model_with_one_matching_and_one_contradicted_schema_counts_as_wrong_but_mixed" time="0.002" /><testcase classname="tests.test_v2_differential" name="test_a_refuted_candidate_is_reported_as_a_loss_not_hidden" time="0.000" /><testcase classname="tests.test_v2_differential" name="test_coverage_only_value_is_not_reported_as_corrective_value" time="0.000" /><testcase classname="tests.test_v2_differential" name="test_renaming_a_reference_slot_does_not_manufacture_a_divergent_prediction" time="0.000" /><testcase classname="tests.test_v2_differential" name="test_arm_verdicts_reports_a_contradiction_and_its_grounded_claim" time="0.002" /><testcase classname="tests.test_v2_differential" name="test_underdetermined_and_unsupported_schemas_never_enter_either_arm" time="0.000" /><testcase classname="tests.test_v2_differential" name="test_a_pair_where_neither_model_predicts_is_not_called_a_validated_prediction" time="0.000" /><testcase classname="tests.test_v2_numeric_key" name="test_a_row_no_word_identifies_is_keyed_by_its_ticket_number" time="0.022" /><testcase classname="tests.test_v2_numeric_key" name="test_a_number_alike_references_nothing_but_a_named_number_does" time="0.022" /><testcase classname="tests.test_v2_numeric_key" name="test_without_the_rule_the_row_is_no_unit" time="0.020" /><testcase classname="tests.test_v2_refinement" name="test_supported_observation_associations_rewrite_fitted_keys" time="0.000" /><testcase classname="tests.test_v2_refinement" name="test_configured_widget_persistence_does_not_require_automatic_reload_support[none]" time="0.001" /><testcase classname="tests.test_v2_refinement" name="test_configured_widget_persistence_does_not_require_automatic_reload_support[one_match]" time="0.003" /><testcase classname="tests.test_v2_refinement" name="test_explicit_support_added_after_automatic_promotion_survives_key_revision" time="0.003" /><testcase classname="tests.test_v2_refinement" name="test_component_roundtrip_does_not_mutate_loaded_json" time="0.002" /><testcase classname="tests.test_v2_refinement" name="test_writing_refreshed_components_preserves_accepted_local_alternatives" time="0.001" /><testcase classname="tests.test_v2_refinement" name="test_conservative_belief_carries_entity_absent_from_partial_detail_view" time="0.000" /><testcase classname="tests.test_v2_refinement" name="test_complete_collection_absence_is_explicit_false" time="0.000" /><testcase classname="tests.test_v2_refinement" name="test_legacy_visible_type_policy_remains_only_as_ablation_control" time="0.000" /><testcase classname="tests.test_v2_refinement" name="test_behavioral_contradiction_requires_same_state_and_grounded_action" time="0.000" /><testcase classname="tests.test_v2_refinement" name="test_behavioral_repeat_with_explicit_unknown_is_not_called_contradictory" time="0.002" /><testcase classname="tests.test_v2_refinement" name="test_context_membership_requires_executed_persistence_and_keeps_provenance" time="0.000" /><testcase classname="tests.test_v2_refinement" name="test_probe_supported_decision_is_not_canonical_until_independently_validated" time="0.000" /><testcase classname="tests.test_v2_refinement" name="test_mispredicted_validation_demotes_decision_and_retains_provenance" time="0.000" /><testcase classname="tests.test_v2_refinement" name="test_probe_scheduler_prefers_disagreement_per_estimated_primitive" time="0.000" /><testcase classname="tests.test_v2_refinement" name="test_ungrounded_requires_persistence_evidence" time="0.000" /><testcase classname="tests.test_v2_reopen" name="test_a_mispredicted_decision_contradicts_the_hypothesis_it_accepted" time="0.002" /><testcase classname="tests.test_v2_reopen" name="test_the_next_intervention_targets_only_the_surviving_alternatives" time="0.001" /><testcase classname="tests.test_v2_reopen" name="test_the_next_accepted_refinement_is_not_the_refuted_one" time="0.001" /><testcase classname="tests.test_v2_reopen" name="test_a_validated_or_provisional_decision_never_reopens_its_component" time="0.000" /><testcase classname="tests.test_v2_reopen" name="test_reopening_is_idempotent_and_keeps_earlier_contradictions" time="0.002" /><testcase classname="tests.test_v2_reopen" name="test_a_refit_cannot_return_a_refuted_hypothesis_to_contention" time="0.002" /><testcase classname="tests.test_v2_sections" name="test_a_span_of_siblings_can_be_an_object" time="0.000" /><testcase classname="tests.test_v2_sections" name="test_a_run_of_form_controls_is_not_an_object" time="0.000" /><testcase classname="tests.test_v2_sections" name="test_a_span_that_never_varies_is_one_object_not_many" time="0.002" /><testcase classname="tests.test_v2_sections" name="test_normalise_appends_and_keeps_every_index" time="0.000" /><testcase classname="tests.test_v2_sections" name="test_normalise_is_idempotent" time="0.002" /><testcase classname="tests.test_v2_sections" name="test_disabling_the_mechanism_returns_the_page_untouched" time="0.000" /><testcase classname="tests.test_v2_unseen_tokens" name="test_an_unseen_word_where_the_corpus_read_values_is_a_value" time="0.001" /><testcase classname="tests.test_v2_unseen_tokens" name="test_the_rule_is_silent_where_the_corpus_never_read_a_value" time="0.001" /><testcase classname="tests.test_v2_unseen_tokens" name="test_the_rule_never_fires_while_the_graph_is_learning" time="0.003" /><testcase classname="tests.test_v2_unseen_tokens" name="test_a_control_in_a_row_is_described_by_the_row_not_by_itself" time="0.000" /><testcase classname="tests.test_v2_validation" name="test_equivalent_effect_survives_type_renumbering_and_unrelated_neighbor_refactoring" time="0.002" /><testcase classname="tests.test_v2_validation" name="test_run_local_relation_slot_names_are_mapped_by_target_type_not_by_index" time="0.000" /><testcase classname="tests.test_v2_validation" name="test_navigation_provenance_is_not_semantics_but_value_supplying_actions_are" time="0.000" /><testcase classname="tests.test_v2_validation" name="test_unknown_precondition_is_neither_satisfied_nor_violated" time="0.002" /><testcase classname="tests.test_v2_validation" name="test_attr_ne_precondition_is_three_valued" time="0.000" /><testcase classname="tests.test_v2_validation" name="test_no_registered_delta_contradicts_only_when_the_target_is_rendered_afterwards" time="0.000" /><testcase classname="tests.test_v2_validation" name="test_underdetermined_effect_parameters_are_not_testable_predictions" time="0.000" /><testcase classname="tests.test_v2_validation" name="test_forall_prediction_is_confirmed_by_member_effects_and_extras_are_classified_by_visibility" time="0.000" /><testcase classname="tests.test_v2_validation" name="test_inconsistent_lifted_effect_is_not_counted_as_an_extra" time="0.000" /><testcase classname="tests.test_v2_validation" name="test_baseline_equivalent_schema_is_recognised_under_renumbering_but_not_across_arity" time="0.000" /><testcase classname="tests.test_v2_validation" name="test_ambiguous_type_mapping_is_flagged_and_contradiction_needs_every_mapping_to_fail" time="0.002" /><testcase classname="tests.test_v2_validation" name="test_near_duplicate_trace_is_not_independent_even_with_a_different_hash" time="0.001" /><testcase classname="tests.test_v2_validation" name="test_partition_groups_outcomes_and_never_tests_inapplicable_occurrences" time="0.000" /><testcase classname="tests.test_v2_validation" name="test_precondition_constants_with_run_local_type_prefixes_are_translated" time="0.000" /><testcase classname="tests.test_v2_validation" name="test_missing_source_object_constant_is_untestable_not_contradicted" time="0.002" /><testcase classname="tests.test_v2_validation" name="test_reference_slot_ties_are_enumerated_as_distinct_mappings" time="0.000" /><testcase classname="tests.test_v2_validation" name="test_value_unknown_before_the_action_never_confirms_a_prediction" time="0.000" /><testcase classname="tests.test_v2_validation" name="test_alignment_never_skips_the_held_out_state_changing_click" time="0.001" /><testcase classname="tests.test_v2_validation" name="test_promotion_is_per_decision_and_vetoed_by_retained_contradictions" time="0.000" /><testcase classname="tests.test_v2_validation" name="test_a_decision_keyed_only_by_source_observations_is_not_reported_as_transferring" time="0.000" /><testcase classname="tests.test_v2_validation" name="test_compile_digest_changes_only_when_the_model_changes" time="0.000" /><testcase classname="tests.test_v2_validation" name="test_absence_from_a_view_that_renders_no_object_of_the_type_is_unknown_not_contradiction" time="0.000" /><testcase classname="tests.test_v2_validation" name="test_absence_while_the_type_is_still_rendered_does_contradict" time="0.002" /><testcase classname="tests.test_v2_validation" name="test_a_predicted_removal_is_not_confirmed_by_a_view_without_the_type" time="0.000" /><testcase classname="tests.test_v2_validation" name="test_a_control_family_the_held_out_run_never_rendered_is_not_comparable" time="0.000" /><testcase classname="tests.test_v2_validation" name="test_families_with_the_same_descriptor_but_no_shared_template_do_not_align" time="0.000" /><testcase classname="tests.test_v2_validation" name="test_one_prediction_family_cannot_align_with_two_held_out_families_at_once" time="0.000" /><testcase classname="tests.test_v2_validation" name="test_a_universal_effect_never_seen_with_two_members_is_not_a_prediction" time="0.000" /><testcase classname="tests.test_v4_acquired_probes" name="test_an_acquired_probe_certifies_a_view_control" time="0.003" /><testcase classname="tests.test_v4_acquired_probes" name="test_an_acquired_probe_reached_through_a_prerequisite_certifies_a_domain_control" time="0.004" /><testcase classname="tests.test_v4_acquired_probes" name="test_without_the_acquired_file_nothing_changes" time="0.003" /><testcase classname="tests.test_v4_acquired_probes" name="test_the_acquired_file_is_consumed_evidence" time="0.087" /><testcase classname="tests.test_v4_acquired_probes" name="test_the_retained_adapter_reads_acquired_probes_like_the_live_path" time="0.010" /><testcase classname="tests.test_v4_admissible" name="test_a_state_matching_a_separated_guard_is_forced" time="0.000" /><testcase classname="tests.test_v4_admissible" name="test_a_state_unlike_anything_seen_establishes_nothing" time="0.002" /><testcase classname="tests.test_v4_admissible" name="test_an_event_seen_once_cannot_found_a_rule" time="0.000" /><testcase classname="tests.test_v4_admissible" name="test_unanimity_is_marked_vacuous_where_nothing_else_was_ever_seen" time="0.000" /><testcase classname="tests.test_v4_admissible" name="test_a_condition_that_reaches_only_its_own_witnesses_is_refused_when_corroboration_is_asked" time="0.000" /><testcase classname="tests.test_v4_admissible" name="test_every_vouch_it_reports_is_pure_and_supported" time="0.002" /><testcase classname="tests.test_v4_admissible" name="test_the_reported_condition_is_the_widest_one_purity_allows" time="0.000" /><testcase classname="tests.test_v4_admissible" name="test_a_branch_carries_the_delta_its_own_occasions_showed" time="0.000" /><testcase classname="tests.test_v4_admissible" name="test_the_abi_call_answers_with_a_whole_interaction" time="0.003" /><testcase classname="tests.test_v4_admissible" name="test_the_selects_a_button_sits_with_are_found_and_nothing_else_is" time="0.000" /><testcase classname="tests.test_v4_admissible" name="test_a_list_naming_no_modelled_object_yields_no_role" time="0.000" /><testcase classname="tests.test_v4_admissible" name="test_touched_lists_enter_the_language_without_a_placeholder_convention" time="0.000" /><testcase classname="tests.test_v4_admissible" name="test_a_vouch_can_be_required_to_be_about_what_the_event_names" time="0.000" /><testcase classname="tests.test_v4_admissible" name="test_occasions_acquired_later_are_refused_the_same_literals_as_the_fitted_ones" time="0.000" /><testcase classname="tests.test_v4_admissible" name="test_a_guard_that_is_pure_only_after_an_earlier_one_is_a_rule_in_the_list_class" time="0.000" /><testcase classname="tests.test_v4_admissible" name="test_the_rule_class_is_the_unordered_part_of_the_list_class" time="0.002" /><testcase classname="tests.test_v4_admissible" name="test_an_earlier_guard_that_fires_at_the_state_cannot_be_checked_past" time="0.000" /><testcase classname="tests.test_v4_admissible" name="test_the_list_class_still_needs_witnesses_and_corroboration" time="0.000" /><testcase classname="tests.test_v4_admissible" name="test_the_abi_answer_is_relative_to_the_list_class_and_names_the_unordered_part" time="0.000" /><testcase classname="tests.test_v4_attribute_named_once" name="test_an_already_named_attribute_keeps_its_name" time="0.000" /><testcase classname="tests.test_v4_binding" name="test_a_relational_precondition_can_determine_an_object_the_action_never_supplied" time="0.000" /><testcase classname="tests.test_v4_binding" name="test_a_partial_singleton_does_not_establish_uniqueness[answers]" time="0.002" /><testcase classname="tests.test_v4_binding" name="test_a_partial_singleton_does_not_establish_uniqueness[nodes]" time="0.000" /><testcase classname="tests.test_v4_binding" name="test_a_complete_singleton_at_its_bounds_remains_unique[one-candidate-answers]" time="0.000" /><testcase classname="tests.test_v4_binding" name="test_a_complete_singleton_at_its_bounds_remains_unique[one-candidate-nodes]" time="0.000" /><testcase classname="tests.test_v4_binding" name="test_a_complete_singleton_at_its_bounds_remains_unique[one-candidate-both]" time="0.002" /><testcase classname="tests.test_v4_binding" name="test_a_complete_singleton_at_its_bounds_remains_unique[pruned-tail-answers]" time="0.000" /><testcase classname="tests.test_v4_binding" name="test_a_complete_singleton_at_its_bounds_remains_unique[pruned-tail-nodes]" time="0.000" /><testcase classname="tests.test_v4_binding" name="test_a_complete_singleton_at_its_bounds_remains_unique[pruned-tail-both]" time="0.002" /><testcase classname="tests.test_v4_binding" name="test_a_rule_that_constrains_nothing_admits_every_object_of_the_type" time="0.000" /><testcase classname="tests.test_v4_binding" name="test_a_contradicted_precondition_leaves_no_assignment" time="0.000" /><testcase classname="tests.test_v4_binding" name="test_a_type_that_is_not_rendered_here_is_ignorance_not_non_applicability" time="0.000" /><testcase classname="tests.test_v4_binding" name="test_two_latent_variables_related_by_a_reference_are_solved_together" time="0.000" /><testcase classname="tests.test_v4_binding" name="test_a_reference_to_nothing_constrains_the_search" time="0.000" /><testcase classname="tests.test_v4_binding" name="test_a_string_the_action_never_supplied_leaves_the_assignment_merely_possible" time="0.000" /><testcase classname="tests.test_v4_binding" name="test_rewriting_every_prediction_leaves_the_binding_untouched" time="103.942" /><testcase classname="tests.test_v4_binding" name="test_the_outcome_cannot_choose_the_binding" time="0.000" /><testcase classname="tests.test_v4_binding" name="test_on_the_real_trace_one_reading_determines_its_object_and_the_other_does_not" time="0.184"><skipped type="pytest.skip" message="harbour has no cell[_] leaf under the header-named scheme: the loose reading is not distinct from the incumbent (docs/v4_columns.md)">/home/moloch/semabi/runs/.w2_scoring_worktree/tests/test_v4_prospective.py:176: harbour has no cell[_] leaf under the header-named scheme: the loose reading is not distinct from the incumbent (docs/v4_columns.md)</skipped></testcase><testcase classname="tests.test_v4_binding" name="test_one_assignment_that_works_stops_a_refutation" time="0.000" /><testcase classname="tests.test_v4_binding" name="test_an_assignment_that_could_not_be_tested_counts_against_refuting" time="0.000" /><testcase classname="tests.test_v4_binding" name="test_an_enumeration_that_stopped_early_can_never_refute" time="0.000" /><testcase classname="tests.test_v4_binding" name="test_incomplete_aggregation_preserves_only_observed_evidence[verdicts0-NOT_APPLICABLE-counts0]" time="0.000" /><testcase classname="tests.test_v4_binding" name="test_incomplete_aggregation_preserves_only_observed_evidence[verdicts1-SUPPORTED-counts1]" time="0.000" /><testcase classname="tests.test_v4_binding" name="test_incomplete_aggregation_preserves_only_observed_evidence[verdicts2-REFUTED-counts2]" time="0.000" /><testcase classname="tests.test_v4_binding" name="test_incomplete_aggregation_preserves_only_observed_evidence[verdicts3-POSSIBLE-counts3]" time="0.000" /><testcase classname="tests.test_v4_binding" name="test_incomplete_aggregation_preserves_only_observed_evidence[verdicts4-UNKNOWN-counts4]" time="0.000" /><testcase classname="tests.test_v4_binding" name="test_incomplete_aggregation_preserves_only_observed_evidence[verdicts5-NOT_APPLICABLE-counts5]" time="0.000" /><testcase classname="tests.test_v4_binding" name="test_incomplete_aggregation_preserves_only_observed_evidence[verdicts6-SUPPORTED-counts6]" time="0.000" /><testcase classname="tests.test_v4_binding" name="test_incomplete_aggregation_preserves_only_observed_evidence[verdicts7-REFUTED-counts7]" time="0.000" /><testcase classname="tests.test_v4_binding" name="test_incomplete_aggregation_preserves_only_observed_evidence[verdicts8-UNKNOWN-counts8]" time="0.000" /><testcase classname="tests.test_v4_binding" name="test_incomplete_aggregation_preserves_only_observed_evidence[verdicts9-NOT_APPLICABLE-counts9]" time="0.000" /><testcase classname="tests.test_v4_binding" name="test_incomplete_aggregation_preserves_only_observed_evidence[verdicts10-POSSIBLE-counts10]" time="0.000" /><testcase classname="tests.test_v4_binding" name="test_incomplete_aggregation_preserves_only_observed_evidence[verdicts11-POSSIBLE-counts11]" time="0.000" /><testcase classname="tests.test_v4_binding" name="test_incomplete_aggregation_preserves_only_observed_evidence[verdicts12-POSSIBLE-counts12]" time="0.000" /><testcase classname="tests.test_v4_binding" name="test_incomplete_aggregation_preserves_only_observed_evidence[verdicts13-UNKNOWN-counts13]" time="0.000" /><testcase classname="tests.test_v4_binding" name="test_incomplete_aggregation_preserves_only_observed_evidence[verdicts14-NOT_APPLICABLE-counts14]" time="0.000" /><testcase classname="tests.test_v4_binding" name="test_incomplete_aggregation_preserves_only_observed_evidence[verdicts15-POSSIBLE-counts15]" time="0.000" /><testcase classname="tests.test_v4_binding" name="test_incomplete_aggregation_reaches_recursive_identity[SUPPORTED]" time="0.000" /><testcase classname="tests.test_v4_binding" name="test_incomplete_aggregation_reaches_recursive_identity[REFUTED]" time="0.000" /><testcase classname="tests.test_v4_binding" name="test_incomplete_aggregation_reaches_recursive_identity[POSSIBLE]" time="0.000" /><testcase classname="tests.test_v4_binding" name="test_incomplete_aggregation_reaches_recursive_identity[UNKNOWN]" time="0.000" /><testcase classname="tests.test_v4_binding" name="test_incomplete_aggregation_reaches_recursive_identity[NOT_APPLICABLE]" time="0.000" /><testcase classname="tests.test_v4_binding" name="test_creation_deduplication_does_not_complete_a_partial_search[neither-complete]" time="0.000" /><testcase classname="tests.test_v4_binding" name="test_creation_deduplication_does_not_complete_a_partial_search[neither-answers]" time="0.000" /><testcase classname="tests.test_v4_binding" name="test_creation_deduplication_does_not_complete_a_partial_search[neither-nodes]" time="0.000" /><testcase classname="tests.test_v4_binding" name="test_creation_deduplication_does_not_complete_a_partial_search[alpha-only-complete]" time="0.000" /><testcase classname="tests.test_v4_binding" name="test_creation_deduplication_does_not_complete_a_partial_search[alpha-only-answers]" time="0.000" /><testcase classname="tests.test_v4_binding" name="test_creation_deduplication_does_not_complete_a_partial_search[alpha-only-nodes]" time="0.000" /><testcase classname="tests.test_v4_binding" name="test_creation_deduplication_does_not_complete_a_partial_search[beta-only-complete]" time="0.000" /><testcase classname="tests.test_v4_binding" name="test_creation_deduplication_does_not_complete_a_partial_search[beta-only-answers]" time="0.000" /><testcase classname="tests.test_v4_binding" name="test_creation_deduplication_does_not_complete_a_partial_search[beta-only-nodes]" time="0.000" /><testcase classname="tests.test_v4_binding" name="test_creation_deduplication_does_not_complete_a_partial_search[both-complete]" time="0.000" /><testcase classname="tests.test_v4_binding" name="test_creation_deduplication_does_not_complete_a_partial_search[both-answers]" time="0.000" /><testcase classname="tests.test_v4_binding" name="test_creation_deduplication_does_not_complete_a_partial_search[both-nodes]" time="0.000" /><testcase classname="tests.test_v4_binding" name="test_score_abstains_on_a_partial_singleton" time="0.000" /><testcase classname="tests.test_v4_binding" name="test_an_ambiguous_set_can_still_pin_some_of_its_parameters" time="0.000" /><testcase classname="tests.test_v4_binding" name="test_an_effect_on_an_object_the_state_never_pins_is_not_a_well_formed_schema" time="51.205"><skipped type="pytest.skip" message="harbour has no cell[_] leaf under the header-named scheme: the loose reading is not distinct from the incumbent (docs/v4_columns.md)">/home/moloch/semabi/runs/.w2_scoring_worktree/tests/test_v4_prospective.py:176: harbour has no cell[_] leaf under the header-named scheme: the loose reading is not distinct from the incumbent (docs/v4_columns.md)</skipped></testcase><testcase classname="tests.test_v4_binding" name="test_the_generative_mode_is_the_invariants_alone_and_not_the_learned_cover" time="0.000" /><testcase classname="tests.test_v4_binding" name="test_a_truncated_enumeration_pins_nothing" time="0.000" /><testcase classname="tests.test_v4_binding" name="test_every_parameter_says_why_it_has_a_value_or_has_none" time="0.000" /><testcase classname="tests.test_v4_binding" name="test_a_search_that_cannot_finish_says_so_instead_of_running" time="0.001" /><testcase classname="tests.test_v4_binding" name="test_many_witnesses_one_target_is_not_ambiguity" time="0.000" /><testcase classname="tests.test_v4_binding" name="test_two_assignments_disagreeing_about_the_target_is_ambiguity" time="0.000" /><testcase classname="tests.test_v4_binding" name="test_two_observed_targets_remain_underdetermined_when_search_is_incomplete[answers]" time="0.000" /><testcase classname="tests.test_v4_binding" name="test_two_observed_targets_remain_underdetermined_when_search_is_incomplete[nodes]" time="0.000" /><testcase classname="tests.test_v4_binding" name="test_agreement_among_the_assignments_reached_is_not_determinacy" time="0.000" /><testcase classname="tests.test_v4_binding" name="test_a_relation_from_the_action_object_names_what_the_rule_changes" time="0.000" /><testcase classname="tests.test_v4_binding" name="test_an_enabling_clicks_owner_is_named_from_the_acting_object_or_not_at_all" time="0.000" /><testcase classname="tests.test_v4_binding" name="test_two_indistinguishable_objects_leave_the_rule_unable_to_say_which" time="0.000" /><testcase classname="tests.test_v4_binding" name="test_a_created_object_is_never_searched_for_in_the_state_before_it_exists" time="0.000" /><testcase classname="tests.test_v4_binding" name="test_a_candidate_filtered_before_evaluation_is_not_a_language_that_was_searched" time="0.000" /><testcase classname="tests.test_v4_binding" name="test_a_prefix_view_cannot_reach_a_later_observation" time="0.001" /><testcase classname="tests.test_v4_binding" name="test_what_happens_after_the_cut_cannot_change_the_prefix_view" time="0.001" /><testcase classname="tests.test_v4_binding" name="test_an_object_can_be_named_by_the_control_the_interface_currently_points_at" time="0.000" /><testcase classname="tests.test_v4_binding" name="test_a_control_that_names_no_object_of_the_type_determines_nothing" time="0.000" /><testcase classname="tests.test_v4_binding" name="test_a_control_naming_two_candidates_is_not_proposed_as_a_query" time="0.000" /><testcase classname="tests.test_v4_binding" name="test_a_collection_members_cell_is_not_offered_as_a_selection_anchor" time="0.000" /><testcase classname="tests.test_v4_claim_ledger" name="test_abstaining_is_reported_as_the_model_not_the_page" time="0.000" /><testcase classname="tests.test_v4_claim_ledger" name="test_one_right_among_three_wrong_is_a_disagreement_and_not_a_success" time="0.000" /><testcase classname="tests.test_v4_claim_ledger" name="test_undecidable_outranks_abstention_because_the_rule_did_speak" time="0.000" /><testcase classname="tests.test_v4_claim_ledger" name="test_the_five_outcomes_are_five_distinct_strings" time="0.000" /><testcase classname="tests.test_v4_claim_ledger" name="test_a_claim_is_named_by_what_it_asserts_not_by_which_rule_made_it" time="0.000" /><testcase classname="tests.test_v4_column_invariance" name="test_a_row_is_the_same_unit_whichever_way_its_columns_are_ordered" time="0.004" /><testcase classname="tests.test_v4_column_invariance" name="test_a_cell_is_labelled_by_its_column" time="0.003" /><testcase classname="tests.test_v4_column_invariance" name="test_a_value_is_judged_in_its_column_wherever_the_column_stands" time="0.003" /><testcase classname="tests.test_v4_column_invariance" name="test_a_key_that_fails_to_name_an_instance_is_a_position" time="0.004" /><testcase classname="tests.test_v4_columns" name="test_cells_reverse_with_their_subtrees_and_headers_stay_aligned" time="0.000" /><testcase classname="tests.test_v4_columns" name="test_transform_remaps_clicks" time="0.001" /><testcase classname="tests.test_v4_consequence" name="test_an_asserted_precondition_is_the_rule_as_it_was_learned" time="0.000" /><testcase classname="tests.test_v4_consequence" name="test_an_attested_precondition_adds_what_every_positive_held" time="0.000" /><testcase classname="tests.test_v4_consequence" name="test_a_precondition_that_cannot_be_checked_stops_the_rule_firing" time="0.000" /><testcase classname="tests.test_v4_consequence" name="test_a_precondition_about_an_unbound_object_stops_the_rule_firing" time="0.000" /><testcase classname="tests.test_v4_consequence" name="test_the_key_slot_is_checked_against_the_objects_key" time="0.000" /><testcase classname="tests.test_v4_consequence" name="test_only_the_action_supplies_a_parameter_directly" time="0.000" /><testcase classname="tests.test_v4_consequence" name="test_a_reading_that_does_not_own_the_clicked_control_supplies_nothing" time="0.000" /><testcase classname="tests.test_v4_consequence" name="test_a_slot_that_is_not_a_nodes_text_is_not_checked_against_that_node" time="0.000" /><testcase classname="tests.test_v4_consequence" name="test_every_admissible_continuation_agreeing_is_support" time="0.000" /><testcase classname="tests.test_v4_consequence" name="test_no_admissible_continuation_agreeing_is_refutation" time="0.000" /><testcase classname="tests.test_v4_consequence" name="test_admissible_continuations_that_disagree_settle_nothing" time="0.000" /><testcase classname="tests.test_v4_consequence" name="test_a_correspondence_that_settled_nothing_is_unknown_not_refutation" time="0.000" /><testcase classname="tests.test_v4_consequence" name="test_the_same_index_control_answers_where_the_matcher_would_not" time="0.000" /><testcase classname="tests.test_v4_consequence" name="test_the_unmasked_control_may_use_the_property_under_test" time="0.000" /><testcase classname="tests.test_v4_consequence" name="test_only_decided_predictions_are_signed" time="0.000" /><testcase classname="tests.test_v4_consequence" name="test_an_object_whose_structure_is_gone_is_reported_gone" time="0.000" /><testcase classname="tests.test_v4_consequence" name="test_an_object_still_rendered_refutes_a_removal" time="0.000" /><testcase classname="tests.test_v4_consequence" name="test_survival_is_not_decided_by_shape_alone" time="0.000" /><testcase classname="tests.test_v4_correspondence" name="test_correspondence_survives_a_total_change_of_the_masked_field" time="0.001" /><testcase classname="tests.test_v4_correspondence" name="test_without_the_mask_the_row_can_only_be_found_by_position" time="0.002" /><testcase classname="tests.test_v4_correspondence" name="test_the_mask_is_hidden_from_ancestors_too" time="0.000" /><testcase classname="tests.test_v4_correspondence" name="test_indistinguishable_continuations_are_reported_as_ambiguous" time="0.000" /><testcase classname="tests.test_v4_correspondence" name="test_an_arbitrary_first_match_would_have_answered_this_one" time="0.000" /><testcase classname="tests.test_v4_correspondence" name="test_distinguishing_context_removes_the_ambiguity" time="0.000" /><testcase classname="tests.test_v4_correspondence" name="test_a_region_that_did_not_survive_is_not_matched_to_a_stranger" time="0.000" /><testcase classname="tests.test_v4_correspondence" name="test_a_node_an_equally_good_alignment_could_drop_is_not_called_unique" time="0.000" /><testcase classname="tests.test_v4_correspondence" name="test_a_node_that_moves_between_containers_is_reported_ambiguous_not_wrong" time="0.000" /><testcase classname="tests.test_v4_correspondence" name="test_a_move_out_of_a_pinned_container_names_the_wrong_candidate_but_flags_it" time="0.000" /><testcase classname="tests.test_v4_correspondence" name="test_admissible_matches_returns_every_optimal_pairing" time="0.000" /><testcase classname="tests.test_v4_correspondence" name="test_a_masked_field_matches_anything_in_its_place" time="0.000" /><testcase classname="tests.test_v4_correspondence" name="test_only_the_named_field_is_masked" time="0.000" /><testcase classname="tests.test_v4_correspondence" name="test_a_value_gained_elsewhere_is_not_support_for_this_object" time="0.252" /><testcase classname="tests.test_v4_correspondence" name="test_the_object_the_action_landed_on_does_take_the_predicted_value" time="0.233" /><testcase classname="tests.test_v4_correspondence" name="test_ambiguous_correspondence_that_disagrees_is_not_a_refutation" time="0.001" /><testcase classname="tests.test_v4_created_argument" name="test_the_components_and_referents_of_a_key_name_the_object" time="0.000" /><testcase classname="tests.test_v4_created_argument" name="test_schedule_call_claims_a_fresh_name_and_the_held_out_calls_are_fresh" time="52.061" /><testcase classname="tests.test_v4_created_argument" name="test_an_identifying_token_is_never_an_emission_constant" time="51.338" /><testcase classname="tests.test_v4_creation" name="test_a_form_that_already_shows_the_values_is_not_a_creation" time="0.000" /><testcase classname="tests.test_v4_creation" name="test_a_new_row_carrying_the_values_together_is_one" time="0.000" /><testcase classname="tests.test_v4_creation" name="test_the_witness_is_minimal_and_not_counted_again_for_its_ancestors" time="0.000" /><testcase classname="tests.test_v4_creation" name="test_values_rendered_inside_a_longer_text_still_count" time="0.000" /><testcase classname="tests.test_v4_delta_granularity" name="test_the_signature_keeps_what_the_page_showed" time="0.000" /><testcase classname="tests.test_v4_delta_granularity" name="test_object_identity_is_not_in_the_signature" time="0.000" /><testcase classname="tests.test_v4_delta_granularity" name="test_relation_slot_names_are_not_in_the_signature" time="0.000" /><testcase classname="tests.test_v4_delta_granularity" name="test_a_renaming_is_counted_apart_from_ordinary_attribute_changes" time="0.000" /><testcase classname="tests.test_v4_delta_granularity" name="test_identical_verdicts_can_carry_different_deltas" time="0.000" /><testcase classname="tests.test_v4_delta_granularity" name="test_the_digest_ignores_step_ordering_but_not_step_numbers" time="0.000" /><testcase classname="tests.test_v4_delta_granularity" name="test_classes_group_readings_that_said_the_same_thing_changed" time="0.000" /><testcase classname="tests.test_v4_delta_granularity" name="test_unsigned_readings_are_never_merged_into_one_class" time="0.000" /><testcase classname="tests.test_v4_delta_granularity" name="test_a_delta_difference_never_decides_a_comparison" time="0.000" /><testcase classname="tests.test_v4_detail_view" name="test_a_value_cell_is_named_by_its_row_header" time="0.120" /><testcase classname="tests.test_v4_detail_view" name="test_a_labelled_row_is_a_field_of_the_panel_and_not_a_unit" time="0.120" /><testcase classname="tests.test_v4_detail_view" name="test_the_cleared_panel_is_spared_and_the_feedback_line_is_not" time="0.119" /><testcase classname="tests.test_v4_detail_view" name="test_the_panel_object_carries_the_fields_under_the_shared_names_and_reversal_keeps_them" time="0.136" /><testcase classname="tests.test_v4_detail_view" name="test_a_select_inside_the_panel_is_a_control_of_the_page" time="0.123" /><testcase classname="tests.test_v4_detail_view" name="test_a_control_takes_roles_from_the_operator_its_enabling_click_leads_to" time="0.000" /><testcase classname="tests.test_v4_emission" name="test_the_frame_is_what_is_left_when_the_page_s_own_data_is_taken_out" time="0.000" /><testcase classname="tests.test_v4_emission" name="test_a_column_header_is_a_label_and_not_an_argument" time="0.000" /><testcase classname="tests.test_v4_emission" name="test_a_message_ending_on_a_value_still_names_it" time="0.000" /><testcase classname="tests.test_v4_emission" name="test_an_unchanged_live_region_is_not_an_observed_output" time="0.000" /><testcase classname="tests.test_v4_emission" name="test_an_application_with_no_live_region_has_no_output_channel" time="0.000" /><testcase classname="tests.test_v4_emission" name="test_a_frozen_vocabulary_stops_learning_but_keeps_reading" time="0.000" /><testcase classname="tests.test_v4_emission" name="test_rendering_a_frame_back_puts_the_arguments_where_they_were" time="0.000" /><testcase classname="tests.test_v4_execution_authority" name="test_the_loader_table_is_cpythons_own_table_in_cpythons_own_order" time="0.000" /><testcase classname="tests.test_v4_execution_authority" name="test_package_shadow_executes_without_authority_and_is_refused_with_it" time="0.068" /><testcase classname="tests.test_v4_execution_authority" name="test_reverse_shadow_authenticates_the_package_cpython_actually_selects" time="0.050" /><testcase classname="tests.test_v4_execution_authority" name="test_project_extension_module_is_refused" time="0.040" /><testcase classname="tests.test_v4_execution_authority" name="test_namespace_package_portion_is_refused" time="0.039" /><testcase classname="tests.test_v4_execution_authority" name="test_symlinked_project_origin_is_refused" time="0.039" /><testcase classname="tests.test_v4_execution_authority" name="test_tracked_symlink_to_python_source_is_refused_at_startup" time="0.038" /><testcase classname="tests.test_v4_execution_authority" name="test_untracked_module_under_the_checkout_is_not_authorised" time="0.055" /><testcase classname="tests.test_v4_execution_authority" name="test_modified_tracked_module_is_refused" time="0.041" /><testcase classname="tests.test_v4_execution_authority" name="test_staging_the_change_is_what_authenticates_it" time="0.047" /><testcase classname="tests.test_v4_execution_authority" name="test_malicious_timestamp_pycache_executes_without_authority_and_is_ignored_with_it" time="0.063" /><testcase classname="tests.test_v4_execution_authority" name="test_hash_based_pycache_is_ignored[False]" time="0.045" /><testcase classname="tests.test_v4_execution_authority" name="test_hash_based_pycache_is_ignored[True]" time="0.046" /><testcase classname="tests.test_v4_execution_authority" name="test_stale_cache_plus_authentic_source_still_executes_the_source" time="0.045" /><testcase classname="tests.test_v4_execution_authority" name="test_sourceless_project_bytecode_is_refused" time="0.039" /><testcase classname="tests.test_v4_execution_authority" name="test_a_site_directory_offering_the_project_name_is_refused" time="0.038" /><testcase classname="tests.test_v4_execution_authority" name="test_an_editable_style_pth_pointing_at_another_checkout_contributes_nothing" time="0.056" /><testcase classname="tests.test_v4_execution_authority" name="test_non_isolated_startup_is_refused" time="0.291" /><testcase classname="tests.test_v4_execution_authority" name="test_a_modified_launcher_is_refused" time="0.046" /><testcase classname="tests.test_v4_execution_authority" name="test_a_new_top_level_project_package_cannot_appear_unclaimed" time="0.038" /><testcase classname="tests.test_v4_execution_authority" name="test_relative_and_dynamic_imports_stay_inside_the_authority" time="0.043" /><testcase classname="tests.test_v4_execution_authority" name="test_a_dynamic_import_of_an_untracked_module_is_refused" time="0.040" /><testcase classname="tests.test_v4_execution_authority" name="test_an_injected_meta_path_finder_cannot_supply_project_code" time="0.041" /><testcase classname="tests.test_v4_execution_authority" name="test_the_exit_audit_rejects_unauthenticated_project_local_execution" time="0.045" /><testcase classname="tests.test_v4_execution_authority" name="test_the_exit_audit_rejects_a_namespace_portion_inside_the_checkout" time="0.044" /><testcase classname="tests.test_v4_execution_authority" name="test_the_attestation_is_byte_reproducible_across_checkouts" time="0.085" /><testcase classname="tests.test_v4_execution_authority" name="test_execution_outside_the_declared_closure_is_refused" time="0.208" /><testcase classname="tests.test_v4_execution_authority" name="test_static_discovery_refuses_the_names_it_cannot_describe" time="0.001" /><testcase classname="tests.test_v4_execution_authority" name="test_no_authoritative_closure_file_starts_a_subprocess" time="0.806" /><testcase classname="tests.test_v4_execution_authority" name="test_ordinary_execution_never_claims_the_authority" time="0.000" /><testcase classname="tests.test_v4_execution_authority" name="test_retained_reports_claim_the_authority_and_match_their_attestation" time="0.016" /><testcase classname="tests.test_v4_execution_authority" name="test_every_retained_attestation_binds_an_existing_artifact" time="0.003" /><testcase classname="tests.test_v4_experiment_extension" name="test_the_extension_is_what_the_experiment_appended_and_splices_back" time="0.002" /><testcase classname="tests.test_v4_fields" name="test_ordered_is_proposed_for_a_numeric_field_and_not_for_a_word" time="0.000" /><testcase classname="tests.test_v4_fields" name="test_an_ordered_rule_answers_at_a_value_the_history_never_showed" time="0.001" /><testcase classname="tests.test_v4_fields" name="test_a_nominal_number_is_not_ordered_by_coincidence" time="0.000" /><testcase classname="tests.test_v4_fields" name="test_a_one_sided_threshold_is_not_an_order" time="0.001" /><testcase classname="tests.test_v4_fields" name="test_a_retained_intervention_corroborates_what_the_history_cannot" time="0.001" /><testcase classname="tests.test_v4_fields" name="test_a_rule_may_compare_one_objects_field_with_anothers" time="0.001" /><testcase classname="tests.test_v4_fields" name="test_a_comparison_witnessed_by_one_pair_on_the_far_side_is_that_instance" time="0.001" /><testcase classname="tests.test_v4_fields" name="test_a_comparison_over_pairs_must_vary_in_each_field_on_each_side" time="0.001" /><testcase classname="tests.test_v4_fields" name="test_the_binding_evaluates_a_comparison_and_declines_an_unbound_one" time="0.000" /><testcase classname="tests.test_v4_fields" name="test_a_held_out_state_is_asked_in_the_language_the_evidence_was_fitted_in" time="0.001" /><testcase classname="tests.test_v4_fields" name="test_an_acquired_occasion_refits_the_evidence_in_the_fitted_language" time="0.004" /><testcase classname="tests.test_v4_fields" name="test_a_contested_state_is_one_where_the_list_fires_against_a_standing_vouch" time="0.001" /><testcase classname="tests.test_v4_fields" name="test_a_comparison_may_be_about_the_object_acted_on" time="0.001" /><testcase classname="tests.test_v4_fields" name="test_a_comparison_is_in_the_language_only_where_a_rule_justified_that_pair" time="0.001" /><testcase classname="tests.test_v4_fields" name="test_a_field_that_only_ever_rises_is_a_clock_and_not_ordered_by_the_history_alone" time="0.001" /><testcase classname="tests.test_v4_frozen_reference" name="test_a_name_with_a_number_is_one_key_and_a_new_object_can_be_referred_to" time="37.995" /><testcase classname="tests.test_v4_frozen_transform" name="test_a_frozen_graph_reads_a_new_observation_without_learning_its_vocabulary" time="0.000" /><testcase classname="tests.test_v4_frozen_transform" name="test_the_same_page_does_move_a_graph_that_is_still_learning" time="0.000" /><testcase classname="tests.test_v4_frozen_transform" name="test_reading_the_same_held_out_page_twice_learns_nothing_the_second_time" time="0.000" /><testcase classname="tests.test_v4_frozen_transform" name="test_a_position_the_prefix_never_established_stays_unknown_rather_than_becoming_known" time="0.000" /><testcase classname="tests.test_v4_frozen_transform" name="test_a_future_only_column_does_not_join_the_header_vocabulary" time="0.000" /><testcase classname="tests.test_v4_frozen_transform" name="test_two_different_futures_leave_the_same_frozen_model" time="0.000" /><testcase classname="tests.test_v4_frozen_transform" name="test_reading_order_cannot_change_what_a_frozen_model_learned" time="0.000" /><testcase classname="tests.test_v4_frozen_transform" name="test_v4_selected_graph_reads_unseen_pages_without_changing_the_reading[inferred]" time="0.019" /><testcase classname="tests.test_v4_frozen_transform" name="test_v4_selected_graph_reads_unseen_pages_without_changing_the_reading[pinned]" time="0.022" /><testcase classname="tests.test_v4_frozen_transform" name="test_v4_selected_graph_reads_unseen_pages_without_changing_the_reading[legacy]" time="0.022" /><testcase classname="tests.test_v4_frozen_transform" name="test_v4_accepted_promotion_carries_the_selected_hypotheses_graph" time="0.010" /><testcase classname="tests.test_v4_frozen_transform" name="test_v4_inferred_fit_keeps_its_frozen_reading_in_either_unseen_page_order" time="0.099" /><testcase classname="tests.test_v4_frozen_transform" name="test_v4_search_candidate_reads_only_its_own_graph" time="0.006" /><testcase classname="tests.test_v4_frozen_transform" name="test_fitting_a_reading_leaves_a_model_that_no_longer_learns" time="51.165" /><testcase classname="tests.test_v4_frozen_transform" name="test_future_outcome_cannot_change_the_section_representation_of_a_prefix[FROZEN_PREFIX]" time="0.008" /><testcase classname="tests.test_v4_frozen_transform" name="test_future_outcome_cannot_change_the_section_representation_of_a_prefix[CAUSAL_PREQUENTIAL]" time="0.007" /><testcase classname="tests.test_v4_frozen_transform" name="test_section_normalization_with_all_evidence_preserves_its_exact_output[False]" time="0.001" /><testcase classname="tests.test_v4_frozen_transform" name="test_section_normalization_with_all_evidence_preserves_its_exact_output[True]" time="0.001" /><testcase classname="tests.test_v4_frozen_transform" name="test_the_pre_action_view_holds_the_page_the_agent_was_looking_at_and_not_the_outcome" time="0.001" /><testcase classname="tests.test_v4_frozen_transform" name="test_what_an_action_does_cannot_reach_the_model_that_predicted_it" time="0.001" /><testcase classname="tests.test_v4_frozen_transform" name="test_a_prequential_model_is_not_built_from_the_outcome_it_is_about_to_predict" time="41.474" /><testcase classname="tests.test_v4_frozen_transform" name="test_deleting_the_future_does_not_move_the_model_that_predicted_the_present" time="38.920" /><testcase classname="tests.test_v4_frozen_transform" name="test_a_rule_that_cannot_say_which_object_says_so_rather_than_guessing" time="0.000" /><testcase classname="tests.test_v4_frozen_transform" name="test_the_application_says_what_it_did_and_the_model_reads_it_as_an_outcome" time="51.299" /><testcase classname="tests.test_v4_identity" name="test_a_value_that_never_had_a_peer_to_separate_is_unsupported_not_perfect" time="0.000" /><testcase classname="tests.test_v4_identity" name="test_a_one_at_a_time_family_is_keyed_only_by_what_another_family_is_keyed_by" time="0.000" /><testcase classname="tests.test_v4_identity" name="test_a_value_that_separates_co_present_peers_is_supported" time="0.000" /><testcase classname="tests.test_v4_identity" name="test_a_value_shared_by_every_co_present_peer_is_contradicted" time="0.000" /><testcase classname="tests.test_v4_identity" name="test_a_family_is_formed_without_the_tokens_that_split_it" time="0.000" /><testcase classname="tests.test_v4_identity" name="test_family_evidence_restores_the_pairs_that_splitting_hid" time="0.000" /><testcase classname="tests.test_v4_identity" name="test_a_value_that_never_survives_a_reload_is_contradicted" time="0.000" /><testcase classname="tests.test_v4_identity" name="test_a_composite_keeps_its_single_components_proposable" time="0.000" /><testcase classname="tests.test_v4_identity" name="test_the_name_the_interface_speaks_outranks_a_value_that_merely_differs" time="0.002" /><testcase classname="tests.test_v4_identity" name="test_the_name_another_rendering_is_keyed_by_outranks_an_unshared_column" time="0.000" /><testcase classname="tests.test_v4_identity_exclusion" name="test_an_identity_exclusion_is_refused_like_an_identity_equality" time="0.000" /><testcase classname="tests.test_v4_identity_scoreboard" name="test_a_finer_ontology_cannot_win_by_vocabulary" time="0.000" /><testcase classname="tests.test_v4_identity_scoreboard" name="test_a_wrong_key_shows_as_contradictions_on_the_shared_surface" time="0.000" /><testcase classname="tests.test_v4_identity_scoreboard" name="test_unchecked_support_earns_no_coverage_and_emission_is_counted_only_where_all_claim" time="0.000" /><testcase classname="tests.test_v4_identity_scoreboard" name="test_an_empty_shared_surface_cannot_separate_anyone" time="0.000" /><testcase classname="tests.test_v4_identity_ties" name="test_a_writer_makes_a_mutation_test_and_a_maker_a_collision_test" time="0.000" /><testcase classname="tests.test_v4_identity_ties" name="test_a_tie_no_interaction_touches_is_quotient_equivalent" time="0.000" /><testcase classname="tests.test_v4_identity_ties" name="test_a_target_is_found_by_role_name_and_ordinal" time="0.000" /><testcase classname="tests.test_v4_identity_ties" name="test_an_experiment_is_decided_on_its_own_terms" time="0.001" /><testcase classname="tests.test_v4_identity_ties" name="test_reachable_is_not_identifiable_unless_the_history_separates_the_keys" time="0.000" /><testcase classname="tests.test_v4_identity_ties" name="test_a_retained_experiment_marks_a_family_decided" time="0.001" /><testcase classname="tests.test_v4_identity_ties" name="test_a_retained_history_decides_only_by_dominance_where_readings_disagree" time="0.000" /><testcase classname="tests.test_v4_identity_ties" name="test_a_claim_with_its_arguments_outweighs_the_event_alone" time="0.000" /><testcase classname="tests.test_v4_identity_ties" name="test_the_fixpoint_loop_re_derives_a_verdict_its_base_outgrew" time="0.000" /><testcase classname="tests.test_v4_identity_ties" name="test_two_verdicts_that_defeat_each_others_premise_stay_open" time="0.000" /><testcase classname="tests.test_v4_identity_ties" name="test_an_undecided_question_is_re_posed_on_a_richer_base" time="0.000" /><testcase classname="tests.test_v4_identity_ties" name="test_transitive_dominance_yields_a_unique_survivor_and_a_cycle_refutes_nothing" time="0.000" /><testcase classname="tests.test_v4_identity_ties" name="test_the_sequential_loop_is_order_dependent_where_the_tournament_is_not" time="0.000" /><testcase classname="tests.test_v4_identity_ties" name="test_a_candidate_posed_only_against_the_survivor_is_judged_in_a_second_round" time="0.000" /><testcase classname="tests.test_v4_identity_ties" name="test_the_closure_over_schedules_keeps_what_every_order_agrees_on" time="0.001" /><testcase classname="tests.test_v4_identity_ties" name="test_a_confluent_world_closes_as_a_fixpoint_under_every_schedule" time="0.000" /><testcase classname="tests.test_v4_identity_ties" name="test_vocabulary_asymmetry_is_provenance_not_evidence" time="0.000" /><testcase classname="tests.test_v4_identity_ties" name="test_a_shared_atom_with_differing_verdicts_decides_and_the_node_is_the_coordinate" time="0.000" /><testcase classname="tests.test_v4_identity_ties" name="test_the_emission_channel_still_decides_under_the_shared_comparator" time="0.000" /><testcase classname="tests.test_v4_joint_candidate" name="test_only_strictly_better_discrimination_counts_as_improvable" time="0.000" /><testcase classname="tests.test_v4_joint_candidate" name="test_absent_discrimination_is_never_an_improvement_in_either_direction" time="0.000" /><testcase classname="tests.test_v4_joint_candidate" name="test_refuted_and_unsupported_alternatives_are_not_improvements" time="0.000" /><testcase classname="tests.test_v4_joint_candidate" name="test_the_most_discriminating_alternative_is_the_one_taken" time="0.000" /><testcase classname="tests.test_v4_joint_candidate" name="test_the_joint_candidate_applies_every_improvable_family_at_once" time="0.000" /><testcase classname="tests.test_v4_joint_candidate" name="test_one_improvable_family_generates_no_joint_candidate" time="0.000" /><testcase classname="tests.test_v4_joint_candidate" name="test_a_joint_candidate_must_document_every_family_it_changes" time="0.000" /><testcase classname="tests.test_v4_joint_candidate" name="test_a_row_for_a_family_the_candidate_did_not_change_is_rejected" time="0.000" /><testcase classname="tests.test_v4_joint_candidate" name="test_duplicate_rows_for_the_same_candidate_and_family_are_rejected" time="0.000" /><testcase classname="tests.test_v4_learned_preconditions" name="test_a_single_bound_object_can_say_that_a_reference_points_at_nothing" time="0.000" /><testcase classname="tests.test_v4_learned_preconditions" name="test_a_condition_that_varies_over_time_for_one_object_is_discovered_and_installed" time="0.000" /><testcase classname="tests.test_v4_learned_preconditions" name="test_a_failure_nothing_in_the_state_distinguishes_is_left_unexplained" time="0.000" /><testcase classname="tests.test_v4_learned_preconditions" name="test_a_condition_that_would_discard_a_success_is_never_a_candidate" time="0.000" /><testcase classname="tests.test_v4_learned_preconditions" name="test_a_learned_reference_condition_becomes_a_planning_precondition" time="0.000" /><testcase classname="tests.test_v4_learned_preconditions" name="test_harbour_learns_the_condition_for_close_and_not_for_reopen" time="54.786" /><testcase classname="tests.test_v4_learned_preconditions" name="test_the_condition_for_close_is_available_to_a_half_trace_prefix_model" time="50.993" /><testcase classname="tests.test_v4_learned_preconditions" name="test_a_value_the_action_does_not_determine_is_generalised_and_the_rules_merge" time="0.000" /><testcase classname="tests.test_v4_learned_preconditions" name="test_a_value_the_action_does_determine_is_left_alone" time="0.000" /><testcase classname="tests.test_v4_learned_preconditions" name="test_only_the_part_of_a_value_that_moves_is_dropped" time="0.000" /><testcase classname="tests.test_v4_learned_preconditions" name="test_a_variable_effect_still_claims_that_the_value_changes" time="0.000" /><testcase classname="tests.test_v4_manifests" name="test_compiler_snapshot_is_canonical_and_role_bound" time="0.001" /><testcase classname="tests.test_v4_manifests" name="test_consumed_digest_includes_probes_but_not_modes_or_refutation_sidecar" time="0.002" /><testcase classname="tests.test_v4_manifests" name="test_consumed_run_retains_probe_bytes_in_memory_outside_live_role" time="0.009" /><testcase classname="tests.test_v4_manifests" name="test_malformed_probe_bytes_fail_at_consumption" time="0.001" /><testcase classname="tests.test_v4_manifests" name="test_compiler_snapshot_ignores_outputs_but_rejects_named_input_symlink" time="0.001" /><testcase classname="tests.test_v4_manifests" name="test_optional_file_presence_is_part_of_exact_custody" time="0.930" /><testcase classname="tests.test_v4_manifests" name="test_source_manifest_is_deterministic_and_strict" time="0.946" /><testcase classname="tests.test_v4_manifests" name="test_source_manifest_binds_the_explicit_incumbent" time="0.638" /><testcase classname="tests.test_v4_manifests" name="test_source_manifest_rejects_active_refutation_conflict" time="0.707" /><testcase classname="tests.test_v4_manifests" name="test_source_candidates_must_match_authenticated_refutation_sidecar" time="0.912" /><testcase classname="tests.test_v4_manifests" name="test_source_candidate_provenance_change_is_rejected_after_recomputed_hash" time="0.700" /><testcase classname="tests.test_v4_manifests" name="test_source_summary_candidate_provenance_is_exact" time="1.107" /><testcase classname="tests.test_v4_manifests" name="test_full_reading_hash_binds_non_decision_fields" time="0.001" /><testcase classname="tests.test_v4_manifests" name="test_source_loader_does_not_invoke_generation_or_search" time="0.701" /><testcase classname="tests.test_v4_manifests" name="test_chain_loader_binds_source_reference_and_distinct_role_content" time="3.037" /><testcase classname="tests.test_v4_manifests" name="test_chain_builder_implementation_binding_is_strict" time="1.276" /><testcase classname="tests.test_v4_manifests" name="test_loaded_manifests_retain_one_authenticated_byte_object" time="2.387" /><testcase classname="tests.test_v4_manifests" name="test_chain_rejects_same_content_under_different_roles" time="0.704" /><testcase classname="tests.test_v4_manifests" name="test_evaluator_freeze_is_separate_from_compiler_manifests" time="0.005" /><testcase classname="tests.test_v4_manifests" name="test_supplied_repo_root_must_match_loaded_execution_root" time="0.000" /><testcase classname="tests.test_v4_manifests" name="test_external_manifest_bundle_is_rejected_even_when_self_contained" time="0.000" /><testcase classname="tests.test_v4_manifests" name="test_parent_symlink_and_relative_escape_are_rejected" time="0.214" /><testcase classname="tests.test_v4_manifests" name="test_role_distinctness_uses_consumed_evidence_not_ancillary_bytes" time="0.710" /><testcase classname="tests.test_v4_manifests" name="test_source_runtime_binding_is_verified" time="0.494" /><testcase classname="tests.test_v4_manifests" name="test_execution_closures_bind_local_packages_and_current_runtime" time="0.001" /><testcase classname="tests.test_v4_manifests" name="test_live_divergent_bytecode_cache_is_rejected" time="1.112" /><testcase classname="tests.test_v4_manifests" name="test_stale_bytecode_cache_is_not_rejected" time="0.637" /><testcase classname="tests.test_v4_manifests" name="test_hash_based_bytecode_cache_with_wrong_source_hash_is_rejected" time="0.696" /><testcase classname="tests.test_v4_manifests" name="test_every_optimization_level_present_on_disk_is_found_not_only_a_fixed_list" time="1.784" /><testcase classname="tests.test_v4_manifests" name="test_chain_replay_closure_also_rejects_a_live_divergent_cache" time="3.498" /><testcase classname="tests.test_v4_manifests" name="test_non_authoritative_source_diagnostics_label_is_enforced" time="1.138" /><testcase classname="tests.test_v4_manifests" name="test_source_summary_key_sets_are_exact_not_merely_sufficient" time="0.909" /><testcase classname="tests.test_v4_metamorphic" name="test_members_reverse_headers_stay_and_clicks_follow_their_node" time="0.000" /><testcase classname="tests.test_v4_metamorphic" name="test_a_headerless_table_keeps_its_first_row" time="0.000" /><testcase classname="tests.test_v4_navigation_settling" name="test_navigation_error_recognised_but_permanent_errors_are_not" time="0.000" /><testcase classname="tests.test_v4_navigation_settling" name="test_fetch_then_navigate_action_yields_the_settled_new_page" time="4.069" /><testcase classname="tests.test_v4_navigation_settling" name="test_a_permanent_browser_failure_is_raised_not_waited_out" time="1.421" /><testcase classname="tests.test_v4_objective" name="test_representing_nothing_does_not_beat_a_reading_that_explains" time="0.000" /><testcase classname="tests.test_v4_objective" name="test_representing_everything_wrongly_does_not_beat_a_clean_reading" time="0.000" /><testcase classname="tests.test_v4_objective" name="test_a_strict_improvement_in_both_directions_is_accepted" time="0.000" /><testcase classname="tests.test_v4_objective" name="test_an_improvement_bought_by_losing_explanation_is_not_accepted" time="0.000" /><testcase classname="tests.test_v4_objective" name="test_complexity_only_breaks_an_exact_tie" time="0.000" /><testcase classname="tests.test_v4_objective" name="test_a_mention_conflict_is_an_error_the_reading_pays_for" time="0.000" /><testcase classname="tests.test_v4_objective" name="test_what_the_interface_names_breaks_a_tie_before_length" time="0.000" /><testcase classname="tests.test_v4_objective" name="test_a_thing_that_appears_when_its_own_button_is_clicked_was_shown_not_made" time="0.000" /><testcase classname="tests.test_v4_objective" name="test_a_reload_promoted_widget_value_change_is_explained[combobox]" time="0.002" /><testcase classname="tests.test_v4_objective" name="test_a_reload_promoted_widget_value_change_is_explained[textbox]" time="0.002" /><testcase classname="tests.test_v4_objective" name="test_unkeyed_or_transient_widget_readings_get_no_observation_credit[heading#0-persistent0]" time="0.001" /><testcase classname="tests.test_v4_objective" name="test_unkeyed_or_transient_widget_readings_get_no_observation_credit[None-persistent1]" time="0.001" /><testcase classname="tests.test_v4_objective" name="test_unkeyed_or_transient_widget_readings_get_no_observation_credit[None-persistent2]" time="0.001" /><testcase classname="tests.test_v4_objective" name="test_configured_own_widget_persistence_can_support_a_change[combobox]" time="0.001" /><testcase classname="tests.test_v4_objective" name="test_configured_own_widget_persistence_can_support_a_change[textbox]" time="0.001" /><testcase classname="tests.test_v4_objective" name="test_widget_value_swaps_are_observed_per_raw_owner[heading]" time="0.001" /><testcase classname="tests.test_v4_objective" name="test_widget_value_swaps_are_observed_per_raw_owner[button]" time="0.001" /><testcase classname="tests.test_v4_objective" name="test_widget_value_swaps_are_observed_per_field" time="0.001" /><testcase classname="tests.test_v4_objective" name="test_widget_collection_reordering_adds_no_observation_evidence" time="0.001" /><testcase classname="tests.test_v4_objective" name="test_identity_revisions_do_not_make_unchanged_widget_values_observed[consistent_alias]" time="0.001" /><testcase classname="tests.test_v4_objective" name="test_identity_revisions_do_not_make_unchanged_widget_values_observed[after_override]" time="0.001" /><testcase classname="tests.test_v4_objective" name="test_duplicate_rendered_keys_cannot_borrow_positional_widget_evidence" time="0.001" /><testcase classname="tests.test_v4_objective" name="test_raw_widget_owner_witnesses_must_be_unique_across_parent_units" time="0.002" /><testcase classname="tests.test_v4_objective" name="test_composite_widget_owner_witnesses_use_every_key_component" time="0.002" /><testcase classname="tests.test_v4_objective" name="test_an_absent_composite_key_component_cannot_be_replaced_by_position" time="0.001" /><testcase classname="tests.test_v4_objective" name="test_a_stale_widget_binding_cannot_support_a_cached_emitted_attribute[slots]" time="0.001" /><testcase classname="tests.test_v4_objective" name="test_a_stale_widget_binding_cannot_support_a_cached_emitted_attribute[node_binding]" time="0.001" /><testcase classname="tests.test_v4_objective" name="test_an_inherited_frame_widget_with_own_persistence_is_eligible" time="0.001" /><testcase classname="tests.test_v4_objective" name="test_an_inherited_frame_widget_survives_later_column_context" time="0.001" /><testcase classname="tests.test_v4_objective" name="test_an_inherited_frame_widget_survives_an_unrelated_later_attachment" time="0.001" /><testcase classname="tests.test_v4_objective" name="test_an_explicit_attachment_cannot_borrow_its_former_owners_persistence" time="0.001" /><testcase classname="tests.test_v4_objective" name="test_an_overwritten_widget_cannot_borrow_the_surviving_attribute[textbox]" time="0.001" /><testcase classname="tests.test_v4_objective" name="test_an_overwritten_widget_cannot_borrow_the_surviving_attribute[text]" time="0.001" /><testcase classname="tests.test_v4_objective" name="test_a_change_outside_the_promoted_widget_span_is_not_observation_evidence[False]" time="0.001" /><testcase classname="tests.test_v4_objective" name="test_a_change_outside_the_promoted_widget_span_is_not_observation_evidence[True]" time="0.001" /><testcase classname="tests.test_v4_objective" name="test_a_missing_promoted_span_cannot_be_replaced_by_the_remaining_widget_payload" time="0.001" /><testcase classname="tests.test_v4_objective" name="test_widget_reference_spans_get_no_added_credit_even_when_fallback_resolves[5 Elm-NOTHING]" time="0.002" /><testcase classname="tests.test_v4_objective" name="test_widget_reference_spans_get_no_added_credit_even_when_fallback_resolves[5 Oak-SPURIOUS]" time="0.002" /><testcase classname="tests.test_v4_objective" name="test_checked_state_is_not_a_modeled_widget_value_span[checkbox]" time="0.001" /><testcase classname="tests.test_v4_objective" name="test_checked_state_is_not_a_modeled_widget_value_span[radio]" time="0.001" /><testcase classname="tests.test_v4_objective" name="test_an_identity_only_mention_assignment_cannot_lend_a_widget_attribute" time="0.001" /><testcase classname="tests.test_v4_objective" name="test_multiple_actual_instances_at_one_unit_root_cannot_share_widget_credit" time="0.001" /><testcase classname="tests.test_v4_objective" name="test_a_record_split_cannot_move_widget_credit_to_its_emitted_record" time="0.002" /><testcase classname="tests.test_v4_objective" name="test_widget_evidence_preserves_reload_and_verified_view_contradictions[reload]" time="0.001" /><testcase classname="tests.test_v4_objective" name="test_widget_evidence_preserves_reload_and_verified_view_contradictions[click]" time="0.001" /><testcase classname="tests.test_v4_objective" name="test_widget_observation_evidence_does_not_override_churn" time="0.001" /><testcase classname="tests.test_v4_outcome" name="test_it_learns_a_guard_and_puts_the_rest_in_the_default" time="0.000" /><testcase classname="tests.test_v4_outcome" name="test_an_ordered_list_expresses_a_guard_chain_that_a_rule_set_cannot" time="0.000" /><testcase classname="tests.test_v4_outcome" name="test_it_says_it_does_not_know_rather_than_answering_with_the_commonest" time="0.000" /><testcase classname="tests.test_v4_outcome" name="test_a_condition_fitted_to_one_occasion_is_not_a_rule" time="0.000" /><testcase classname="tests.test_v4_outcome" name="test_whether_a_role_names_anything_is_itself_a_condition" time="0.000" /><testcase classname="tests.test_v4_outcome" name="test_arguments_are_roles_and_not_the_values_they_took_while_fitting" time="0.000" /><testcase classname="tests.test_v4_outcome_chronology" name="test_deleting_the_future_from_disk_changes_no_outcome_model" time="70.700" /><testcase classname="tests.test_v4_pinned" name="test_a_pinned_reading_is_identified_by_its_decision_not_its_paperwork" time="0.000" /><testcase classname="tests.test_v4_pinned" name="test_a_claim_the_destination_cannot_render_is_recorded_not_repaired" time="0.000" /><testcase classname="tests.test_v4_pinned" name="test_a_family_the_source_never_claimed_does_not_keep_the_destinations_key" time="0.000" /><testcase classname="tests.test_v4_pinned" name="test_applicability_counts_only_what_the_source_claimed" time="0.000" /><testcase classname="tests.test_v4_pinned" name="test_a_pinned_compile_never_searches" time="0.001" /><testcase classname="tests.test_v4_pinned_partial_family" name="test_only_units_that_render_the_slot_are_keyed_on_it" time="0.000" /><testcase classname="tests.test_v4_placeholder_row" name="test_a_placeholder_rows_cell_stands_in_no_column" time="0.000" /><testcase classname="tests.test_v4_placeholder_row" name="test_a_one_valued_columns_label_does_not_vary_against_the_placeholder" time="0.001" /><testcase classname="tests.test_v4_probe" name="test_a_contested_value_carried_by_an_operable_control_becomes_a_probe" time="0.000" /><testcase classname="tests.test_v4_probe" name="test_a_select_is_probed_by_choosing_another_option" time="0.000" /><testcase classname="tests.test_v4_probe" name="test_nothing_operable_means_no_probe_rather_than_a_guess" time="0.000" /><testcase classname="tests.test_v4_probe" name="test_two_readings_that_contest_nothing_yield_no_probe" time="0.000" /><testcase classname="tests.test_v4_probe_adapter" name="test_retained_probe_records_are_fresh_and_candidate_isolated" time="0.000" /><testcase classname="tests.test_v4_probe_adapter" name="test_retained_search_and_full_evidence_never_open_probe_path" time="0.003" /><testcase classname="tests.test_v4_probe_adapter" name="test_retained_probe_adapter_matches_v2_probe_semantics" time="0.001" /><testcase classname="tests.test_v4_prospective" name="test_an_ordinal_suffix_is_a_claim_about_which_copy" time="0.000" /><testcase classname="tests.test_v4_prospective" name="test_only_an_equality_on_the_effects_own_slot_projects" time="0.000" /><testcase classname="tests.test_v4_prospective" name="test_the_fitted_invariant_licenses_a_prediction_where_no_chosen_precondition_does" time="0.000" /><testcase classname="tests.test_v4_prospective" name="test_a_chosen_precondition_outranks_the_invariant" time="0.000" /><testcase classname="tests.test_v4_prospective" name="test_an_ordinal_bearing_invariant_projects_to_its_base" time="0.000" /><testcase classname="tests.test_v4_prospective" name="test_the_scope_is_the_clicked_controls_enclosing_row" time="0.000" /><testcase classname="tests.test_v4_prospective" name="test_a_control_with_no_enclosing_row_has_no_scope" time="0.000" /><testcase classname="tests.test_v4_prospective" name="test_the_positional_claim_was_the_learner_memorising_an_ordinal" time="69.123" /><testcase classname="tests.test_v4_prospective" name="test_the_reading_that_names_entities_by_a_stable_value_makes_no_positional_claim" time="69.155" /><testcase classname="tests.test_v4_prospective" name="test_the_prospective_test_can_refute_the_surviving_reading_too" time="69.134" /><testcase classname="tests.test_v4_prospective" name="test_predicting_a_value_the_application_never_renders_is_refuted_not_ignored" time="69.352" /><testcase classname="tests.test_v4_prospective" name="test_scoping_the_precondition_removes_predictions_the_rule_never_made" time="138.483" /><testcase classname="tests.test_v4_prospective" name="test_a_refutation_is_diagnosed_as_a_rule_gap_when_the_acted_on_state_separates" time="64.268" /><testcase classname="tests.test_v4_prospective" name="test_there_is_no_positional_diagnosis_left_to_make" time="90.339" /><testcase classname="tests.test_v4_prospective" name="test_the_diagnosis_says_nothing_when_there_are_no_refutations" time="59.583" /><testcase classname="tests.test_v4_prospective" name="test_the_result_reports_why_it_was_silent" time="59.509" /><testcase classname="tests.test_v4_prospective" name="test_a_stable_naming_gives_one_effect_per_observable_action" time="123.220" /><testcase classname="tests.test_v4_prospective" name="test_a_colliding_naming_still_fragments_but_no_longer_contradicts_itself" time="0.000" /><testcase classname="tests.test_v4_prospective" name="test_determinacy_never_compares_one_readings_literals_with_anothers" time="0.000"><skipped type="pytest.skip" message="harbour has no cell[_] leaf under the header-named scheme: the loose reading is not distinct from the incumbent (docs/v4_columns.md)">/home/moloch/semabi/runs/.w2_scoring_worktree/tests/test_v4_prospective.py:176: harbour has no cell[_] leaf under the header-named scheme: the loose reading is not distinct from the incumbent (docs/v4_columns.md)</skipped></testcase><testcase classname="tests.test_v4_reference_origin" name="test_a_reference_never_targets_a_link_type_and_a_ship_resolves_the_call_it_holds" time="39.489" /><testcase classname="tests.test_v4_refutation_binding" name="test_a_record_binds_while_the_slot_still_holds_its_values" time="0.000" /><testcase classname="tests.test_v4_refutation_binding" name="test_a_record_is_stale_once_the_slot_holds_something_else" time="0.000" /><testcase classname="tests.test_v4_refutation_binding" name="test_a_record_without_held_values_is_unbound" time="0.000" /><testcase classname="tests.test_v4_refutation_binding" name="test_the_sidecar_carries_held_values_and_custody_parses_them" time="0.001" /><testcase classname="tests.test_v4_renaming" name="test_a_fresh_renaming_keeps_the_shape_of_a_name_and_never_reuses_a_seen_one" time="0.000" /><testcase classname="tests.test_v4_renaming" name="test_a_permutation_cycles_names_of_one_shape_and_leaves_a_mention_to_follow" time="0.000" /><testcase classname="tests.test_v4_renaming" name="test_a_renamed_run_renames_pages_messages_options_and_typed_values" time="0.001" /><testcase classname="tests.test_v4_renaming" name="test_a_tables_declaration_row_is_never_respelled" time="0.001" /><testcase classname="tests.test_v4_retained_frontier" name="test_retained_frontier_summary_binds_its_reports" time="0.047" /><testcase classname="tests.test_v4_retained_frontier" name="test_retained_reports_bind_the_manifest_bytes_they_replay" time="0.010" /><testcase classname="tests.test_v4_retained_frontier" name="test_retained_manifests_are_consistent_with_the_compiler_they_name" time="0.928" /><testcase classname="tests.test_v4_search_revisits" name="test_an_inherited_key_is_reported_as_the_hypotheses_carry_it" time="0.001" /><testcase classname="tests.test_v4_search_revisits" name="test_a_family_is_judged_again_after_a_later_family_moves" time="0.001" /><testcase classname="tests.test_v4_search_revisits" name="test_an_identity_that_ties_no_identity_exactly_is_unearned" time="0.000" /><testcase classname="tests.test_v4_search_revisits" name="test_a_template_without_the_slot_carries_no_identity_under_the_reading" time="0.000" /><testcase classname="tests.test_v4_search_revisits" name="test_a_refuted_v2_key_is_not_inherited" time="0.000" /><testcase classname="tests.test_v4_search_revisits" name="test_a_shorter_spelling_does_not_take_an_identity_by_dominating_it" time="0.000" /><testcase classname="tests.test_v4_search_revisits" name="test_a_shorter_spelling_does_not_earn_an_identity_either" time="0.000" /><testcase classname="tests.test_v4_search_revisits" name="test_a_rival_the_evidence_rejects_is_recorded_with_what_decided_it" time="0.000" /><testcase classname="tests.test_v4_sensing_not_in_macro" name="test_the_predicate_is_the_evaluators" time="0.000" /><testcase classname="tests.test_v4_sensing_not_in_macro" name="test_a_revealing_tab_click_is_an_enabling_action_until_a_probe_certifies_it" time="0.000" /><testcase classname="tests.test_v4_separating_witness" name="test_an_action_label_prefers_the_role_it_acted_on" time="0.000" /><testcase classname="tests.test_v4_separating_witness" name="test_a_single_survivor_has_nothing_to_separate" time="0.000" /><testcase classname="tests.test_v4_separating_witness" name="test_the_retained_witness_describes_the_retained_report" time="0.002" /><testcase classname="tests.test_v4_source_candidates" name="test_generated_alternative_carries_its_own_status_and_discrimination" time="0.000" /><testcase classname="tests.test_v4_source_candidates" name="test_candidate_cap_does_not_report_omitted_alternative" time="0.000" /><testcase classname="tests.test_v4_source_candidates" name="test_refuted_promotion_is_suppressed_before_candidate_and_summary_emission" time="0.000" /><testcase classname="tests.test_v4_source_candidates" name="test_refuted_alternative_is_suppressed_before_candidate_and_summary_emission" time="0.000" /><testcase classname="tests.test_v4_source_candidates" name="test_generated_promotion_carries_only_bound_metadata" time="0.000" /><testcase classname="tests.test_v4_state_fidelity" name="test_a_slot_the_object_no_longer_renders_is_not_carried" time="0.000" /><testcase classname="tests.test_v4_state_fidelity" name="test_a_value_the_object_still_renders_is_carried_when_its_slot_goes_quiet" time="0.000" /><testcase classname="tests.test_v4_state_fidelity" name="test_an_object_off_screen_keeps_everything" time="0.000" /><testcase classname="tests.test_v4_state_fidelity" name="test_no_attribute_the_learner_sees_on_blend_contradicts_its_own_page" time="52.239" /><testcase classname="tests.test_v4_transfer" name="test_a_view_keyed_by_what_it_names_is_confirmed_by_correspondence" time="0.000" /><testcase classname="tests.test_v4_transfer" name="test_a_step_where_one_reading_is_right_and_the_other_wrong_is_the_comparable_one" time="0.000" /><testcase classname="tests.test_v4_transfer" name="test_contradiction_on_fresh_evidence_is_what_eliminates" time="0.000" /><testcase classname="tests.test_v4_transfer" name="test_explaining_more_steps_does_not_win_a_transfer_comparison" time="0.000" /><testcase classname="tests.test_v4_transfer" name="test_a_rival_that_says_nothing_at_all_decides_nothing" time="0.000" /><testcase classname="tests.test_v4_transfer" name="test_a_reading_that_says_nothing_cannot_be_supported_by_anything" time="0.000" /><testcase classname="tests.test_v4_transfer" name="test_a_reading_that_could_not_be_instantiated_was_not_tested" time="0.000" /><testcase classname="tests.test_v4_transfer" name="test_an_undecided_comparison_keeps_the_ambiguity" time="0.000" /><testcase classname="tests.test_v4_transfer" name="test_the_differential_only_records_steps_the_readings_disagree_about" time="0.000" /><testcase classname="tests.test_v4_transfer" name="test_a_reading_that_could_not_be_instantiated_cannot_win_on_cheapness" time="0.000" /><testcase classname="tests.test_v4_transfer" name="test_identical_behaviour_is_an_equivalence_not_a_defeat" time="0.000" /><testcase classname="tests.test_v4_transfer" name="test_an_equivalence_class_of_survivors_selects_its_cheapest_member" time="0.000" /><testcase classname="tests.test_v4_transfer" name="test_an_identity_that_separates_nothing_it_names_is_refuted_by_the_fresh_history" time="0.000" /><testcase classname="tests.test_v4_transfer" name="test_an_untested_identity_claim_is_not_counted_against_a_reading" time="0.000" /><testcase classname="tests.test_v4_transfer" name="test_a_confirmed_identity_claim_beats_making_no_claim_at_all" time="0.000" /><testcase classname="tests.test_v4_transfer" name="test_same_family_separation_fraction_prefers_four_hundred_over_199" time="0.000" /><testcase classname="tests.test_v4_transfer" name="test_separation_comparison_is_symmetric" time="0.000" /><testcase classname="tests.test_v4_transfer" name="test_separation_uses_exact_cross_products_not_rounded_rates" time="0.000" /><testcase classname="tests.test_v4_transfer" name="test_cross_family_rates_are_not_comparable" time="0.000" /><testcase classname="tests.test_v4_transfer" name="test_population_mismatch_is_retained_but_never_decides" time="0.000" /><testcase classname="tests.test_v4_transfer" name="test_population_hash_is_order_invariant_and_excludes_mutable_slot_values" time="0.000" /><testcase classname="tests.test_v4_transfer" name="test_slot_absent_claim_emits_no_separation_and_cannot_be_refuted" time="0.000" /><testcase classname="tests.test_v4_transfer" name="test_transport_coherence_rejects_separation_for_slot_absent_family" time="0.000" /><testcase classname="tests.test_v4_transfer" name="test_transport_coherence_rejects_mismatched_applied_key" time="0.000" /><testcase classname="tests.test_v4_transfer" name="test_conflicting_shared_family_directions_do_not_decide" time="0.000" /><testcase classname="tests.test_v4_transfer" name="test_equal_exact_separation_fractions_do_not_decide" time="0.000" /><testcase classname="tests.test_v4_transfer" name="test_untested_identity_is_ignored_by_separation_comparison" time="0.000" /><testcase classname="tests.test_v4_transfer" name="test_asymmetric_applicability_remains_inconclusive_despite_separation" time="0.000" /><testcase classname="tests.test_v4_transfer" name="test_exact_applicability_fraction_survives_report_reconstruction" time="0.000" /><testcase classname="tests.test_v4_transfer" name="test_current_production_report_reconstructs_canonical_applicability_fraction" time="0.000" /><testcase classname="tests.test_v4_transfer" name="test_malformed_production_applicability_fraction_is_rejected[fraction0]" time="0.000" /><testcase classname="tests.test_v4_transfer" name="test_malformed_production_applicability_fraction_is_rejected[fraction1]" time="0.000" /><testcase classname="tests.test_v4_transfer" name="test_malformed_production_applicability_fraction_is_rejected[fraction2]" time="0.000" /><testcase classname="tests.test_v4_transfer" name="test_contradiction_remains_higher_priority_than_separation" time="0.000" /><testcase classname="tests.test_v4_transfer" name="test_total_errors_remain_higher_priority_than_separation" time="0.000" /><testcase classname="tests.test_v4_transfer" name="test_malformed_separation_records_fail_before_decision[record0]" time="0.000" /><testcase classname="tests.test_v4_transfer" name="test_malformed_separation_records_fail_before_decision[record1]" time="0.000" /><testcase classname="tests.test_v4_transfer" name="test_malformed_separation_records_fail_before_decision[record2]" time="0.000" /><testcase classname="tests.test_v4_transfer" name="test_malformed_separation_records_fail_before_decision[record3]" time="0.000" /><testcase classname="tests.test_v4_transfer" name="test_malformed_separation_records_fail_before_decision[record4]" time="0.000" /><testcase classname="tests.test_v4_transfer" name="test_malformed_separation_records_fail_before_decision[record5]" time="0.000" /><testcase classname="tests.test_v4_transfer" name="test_malformed_separation_records_fail_before_decision[record6]" time="0.000" /><testcase classname="tests.test_v4_transfer" name="test_malformed_separation_records_fail_before_decision[record7]" time="0.000" /><testcase classname="tests.test_v4_transfer" name="test_duplicate_separation_families_are_a_hard_error" time="0.000" /><testcase classname="tests.test_v4_transfer" name="test_conflicting_separation_directions_do_not_fall_through_to_confirmed_count" time="0.000" /><testcase classname="tests.test_v4_transfer" name="test_conflicting_separation_directions_do_not_fall_through_to_cost" time="0.000" /><testcase classname="tests.test_v4_transfer" name="test_frontier_is_order_invariant_and_keeps_harbour_survivor_set" time="0.001" /><testcase classname="tests.test_v4_transfer" name="test_frontier_reports_unique_vet_blend_like_survivor" time="0.000" /><testcase classname="tests.test_v4_transfer" name="test_frontier_reports_no_undefeated_reading_for_a_cycle" time="0.000" /><testcase classname="tests.test_v4_transfer" name="test_frontier_rejects_duplicate_evidence_names" time="0.000" /><testcase classname="tests.test_v4_transfer_asymmetry" name="test_a_partly_instantiated_reading_is_still_refuted_where_its_rival_is_not" time="0.000" /><testcase classname="tests.test_v4_transfer_asymmetry" name="test_credit_is_still_incomparable_when_applicability_differs" time="0.000" /><testcase classname="tests.test_v4_transfer_asymmetry" name="test_both_refuted_under_asymmetry_stays_inconclusive" time="0.000" /><testcase classname="tests.test_v4_transfer_asymmetry" name="test_neither_refuted_under_asymmetry_stays_inconclusive" time="0.000" /><testcase classname="tests.test_v4_transfer_asymmetry" name="test_refuted_here_is_monotone_under_instantiating_less" time="0.000" /><testcase classname="tests.test_v4_transfer_asymmetry" name="test_asymmetry_correction_does_not_reverse_a_symmetric_verdict" time="0.000" /><testcase classname="tests.test_v4_transfer_asymmetry" name="test_a_reading_that_asserts_nothing_cannot_defeat_one_that_does" time="0.000" /><testcase classname="tests.test_v4_transfer_asymmetry" name="test_a_null_reading_inflicts_no_losses_on_a_frontier" time="0.000" /><testcase classname="tests.test_v4_transfer_asymmetry" name="test_the_no_predictions_reason_names_which_reading_is_silent" time="0.000" /><testcase classname="tests.test_v4_transfer_asymmetry" name="test_both_corrections_are_order_invariant" time="0.000" /><testcase classname="tests.test_v4_transfer_runner" name="test_replay_uses_retained_loaders_and_never_generates_candidates" time="0.002" /><testcase classname="tests.test_v4_transfer_runner" name="test_frontier_and_survivor_semantics_do_not_depend_on_candidate_order" time="0.004" /><testcase classname="tests.test_v4_transfer_runner" name="test_runner_serializes_unique_ambiguous_and_empty_frontiers[UNIQUE_SURVIVOR-survivors0-alternative-True]" time="0.001" /><testcase classname="tests.test_v4_transfer_runner" name="test_runner_serializes_unique_ambiguous_and_empty_frontiers[EQUIVALENT_SURVIVOR_CLASS-survivors1-source_choice-False]" time="0.001" /><testcase classname="tests.test_v4_transfer_runner" name="test_runner_serializes_unique_ambiguous_and_empty_frontiers[AMBIGUOUS_SURVIVOR_SET-survivors2-None-None]" time="0.001" /><testcase classname="tests.test_v4_transfer_runner" name="test_runner_serializes_unique_ambiguous_and_empty_frontiers[NO_UNDEFEATED_READING-survivors3-None-None]" time="0.001" /><testcase classname="tests.test_v4_transfer_runner" name="test_every_survivor_is_evaluated_and_authority_is_present" time="0.002" /><testcase classname="tests.test_v4_transfer_runner" name="test_the_report_records_its_execution_regime_and_records_it_last" time="0.002" /><testcase classname="tests.test_v4_transfer_runner" name="test_cli_does_not_accept_raw_role_paths" time="0.001" /><testcase classname="tests.test_v4_transfer_runner" name="test_runner_has_no_hidden_domain_boundary_reference" time="0.000" /><testcase classname="tests.test_v4_transfer_runner" name="test_descriptor_bound_consumption_survives_original_mutation" time="0.001" /><testcase classname="tests.test_v4_transfer_runner" name="test_full_evidence_compile_uses_retained_probes_after_live_mutation" time="0.002" /><testcase classname="tests.test_v4_transfer_runner" name="test_consumed_run_returns_candidate_isolated_parser_objects" time="0.001" /><testcase classname="tests.test_v4_transfer_runner" name="test_holdout_labels_require_full_coverage_and_no_refuted_claims" time="0.000" /><testcase classname="tests.test_v4_transfer_runner" name="test_report_publishes_the_non_authoritative_source_summary_label" time="0.002" /><testcase classname="tests.test_v4_withheld_union" name="test_a_withheld_union_is_part_of_the_pinned_decision" time="0.000" /><testcase classname="tests.test_v4_withheld_union" name="test_applying_a_reading_installs_the_withheld_template_pairs" time="0.000" /><testcase classname="tests.test_v4_withheld_union" name="test_the_hypotheses_keep_two_kinds_apart_when_the_union_is_withheld" time="0.002" /><testcase classname="tests.test_v4_withheld_union" name="test_the_search_withholds_a_union_the_objective_prefers_apart" time="0.005" /></testsuite></testsuites>